Log file opened on Mon Sep 10 15:46:51 2018
Host: vn010496  pid: 4695  rank ID: 0  number of ranks:  512
        :-) GROMACS - mdrun_mpi_d, VERSION 5.1.5 (double precision) (-:

                            GROMACS is written by:
     Emile Apol      Rossen Apostolov  Herman J.C. Berendsen    Par Bjelkmar   
 Aldert van Buuren   Rudi van Drunen     Anton Feenstra   Sebastian Fritsch 
  Gerrit Groenhof   Christoph Junghans   Anca Hamuraru    Vincent Hindriksen
 Dimitrios Karkoulis    Peter Kasson        Jiri Kraus      Carsten Kutzner  
    Per Larsson      Justin A. Lemkul   Magnus Lundborg   Pieter Meulenhoff 
   Erik Marklund      Teemu Murtola       Szilard Pall       Sander Pronk   
   Roland Schulz     Alexey Shvetsov     Michael Shirts     Alfons Sijbers  
   Peter Tieleman    Teemu Virolainen  Christian Wennberg    Maarten Wolf   
                           and the project leaders:
        Mark Abraham, Berk Hess, Erik Lindahl, and David van der Spoel

Copyright (c) 1991-2000, University of Groningen, The Netherlands.
Copyright (c) 2001-2015, The GROMACS development team at
Uppsala University, Stockholm University and
the Royal Institute of Technology, Sweden.
check out http://www.gromacs.org for more information.

GROMACS is free software; you can redistribute it and/or modify it
under the terms of the GNU Lesser General Public License
as published by the Free Software Foundation; either version 2.1
of the License, or (at your option) any later version.

GROMACS:      mdrun_mpi_d, VERSION 5.1.5 (double precision)
Executable:   /home/export/online1/cpc051/zhaocg/gromacs-5.1.5/build/bin/mdrun_mpi_d
Data prefix:  /usr/local/gromacs
Command line:
  mdrun_mpi_d -s /home/export/online1/cpc051/zhaocg/ion_channel-st.tpr -v

GROMACS version:    VERSION 5.1.5
Precision:          double
Memory model:       64 bit
MPI library:        MPI
OpenMP support:     disabled
GPU support:        disabled
OpenCL support:     disabled
invsqrt routine:    gmx_software_invsqrt(x)
SIMD instructions:  NONE
FFT library:        fftpack (built-in)
RDTSCP usage:       disabled
C++11 compilation:  disabled
TNG support:        enabled
Tracing support:    disabled
Built on:           Mon Sep 10 15:26:52 CST 2018
Built by:           cpc051@psn004 [CMAKE]
Build OS/arch:      Linux 2.6.32-431.29.2.lustre.el6.x86_64 x86_64
Build CPU vendor:   Unknown
Build CPU brand:    Unknown
Build CPU family:   0   Model: 0   Stepping: 0
Build CPU features: Unknown
C compiler:         /usr/sw-mpp/bin/mpicc GNU 4.1.2
C compiler flags:       -Wundef -Wall -Wno-unused -Wunused-value -Wunused-parameter -Wno-unknown-pragmas  -O3 -DNDEBUG -funroll-all-loops  
C++ compiler:       /usr/sw-mpp/bin/mpiCC GNU 4.1.2
C++ compiler flags:     -Wundef -Wall -Wno-unused-function -Wno-unknown-pragmas  -O3 -DNDEBUG -funroll-all-loops  
Boost version:      1.55.0 (internal)


Running on 128 nodes with total 512 logical cores
  Logical cores per node:    4
Hardware detected on host vn010496 (the node of MPI rank 0):
  CPU info:
    Vendor: Unknown
    Brand:  SW_64
    Family:  0  model:  0  stepping:  0
    CPU features: CannotDetect
    SIMD instructions most likely to fit this hardware: None
    SIMD instructions selected at GROMACS compile time: None


++++ PLEASE READ AND CITE THE FOLLOWING REFERENCE ++++
M. J. Abraham, T. Murtola, R. Schulz, S. Páll, J. C. Smith, B. Hess, E.
Lindahl
GROMACS: High performance molecular simulations through multi-level
parallelism from laptops to supercomputers
SoftwareX 1 (2015) pp. 19-25
-------- -------- --- Thank You --- -------- --------


++++ PLEASE READ AND CITE THE FOLLOWING REFERENCE ++++
S. Páll, M. J. Abraham, C. Kutzner, B. Hess, E. Lindahl
Tackling Exascale Software Challenges in Molecular Dynamics Simulations with
GROMACS
In S. Markidis & E. Laure (Eds.), Solving Software Challenges for Exascale 8759 (2015) pp. 3-27
-------- -------- --- Thank You --- -------- --------


++++ PLEASE READ AND CITE THE FOLLOWING REFERENCE ++++
S. Pronk, S. Páll, R. Schulz, P. Larsson, P. Bjelkmar, R. Apostolov, M. R.
Shirts, J. C. Smith, P. M. Kasson, D. van der Spoel, B. Hess, and E. Lindahl
GROMACS 4.5: a high-throughput and highly parallel open source molecular
simulation toolkit
Bioinformatics 29 (2013) pp. 845-54
-------- -------- --- Thank You --- -------- --------


++++ PLEASE READ AND CITE THE FOLLOWING REFERENCE ++++
B. Hess and C. Kutzner and D. van der Spoel and E. Lindahl
GROMACS 4: Algorithms for highly efficient, load-balanced, and scalable
molecular simulation
J. Chem. Theory Comput. 4 (2008) pp. 435-447
-------- -------- --- Thank You --- -------- --------


++++ PLEASE READ AND CITE THE FOLLOWING REFERENCE ++++
D. van der Spoel, E. Lindahl, B. Hess, G. Groenhof, A. E. Mark and H. J. C.
Berendsen
GROMACS: Fast, Flexible and Free
J. Comp. Chem. 26 (2005) pp. 1701-1719
-------- -------- --- Thank You --- -------- --------


++++ PLEASE READ AND CITE THE FOLLOWING REFERENCE ++++
E. Lindahl and B. Hess and D. van der Spoel
GROMACS 3.0: A package for molecular simulation and trajectory analysis
J. Mol. Mod. 7 (2001) pp. 306-317
-------- -------- --- Thank You --- -------- --------


++++ PLEASE READ AND CITE THE FOLLOWING REFERENCE ++++
H. J. C. Berendsen, D. van der Spoel and R. van Drunen
GROMACS: A message-passing parallel molecular dynamics implementation
Comp. Phys. Comm. 91 (1995) pp. 43-56
-------- -------- --- Thank You --- -------- --------

Changing nstlist from 10 to 20, rlist from 1 to 1.028

Input Parameters:
   integrator                     = md
   tinit                          = 0
   dt                             = 0.0025
   nsteps                         = 10000
   init-step                      = 0
   simulation-part                = 1
   comm-mode                      = Linear
   nstcomm                        = 100
   bd-fric                        = 0
   ld-seed                        = 918425112
   emtol                          = 10
   emstep                         = 0.01
   niter                          = 20
   fcstep                         = 0
   nstcgsteep                     = 1000
   nbfgscorr                      = 10
   rtpi                           = 0.05
   nstxout                        = 0
   nstvout                        = 0
   nstfout                        = 0
   nstlog                         = 100
   nstcalcenergy                  = 10
   nstenergy                      = 0
   nstxout-compressed             = 0
   compressed-x-precision         = 1000
   cutoff-scheme                  = Verlet
   nstlist                        = 20
   ns-type                        = Grid
   pbc                            = xyz
   periodic-molecules             = FALSE
   verlet-buffer-tolerance        = 0.005
   rlist                          = 1.028
   rlistlong                      = 1.028
   nstcalclr                      = 10
   coulombtype                    = PME
   coulomb-modifier               = Potential-shift
   rcoulomb-switch                = 0
   rcoulomb                       = 1
   epsilon-r                      = 1
   epsilon-rf                     = 1
   vdw-type                       = Cut-off
   vdw-modifier                   = Potential-shift
   rvdw-switch                    = 0
   rvdw                           = 1
   DispCorr                       = EnerPres
   table-extension                = 1
   fourierspacing                 = 0.12
   fourier-nx                     = 96
   fourier-ny                     = 96
   fourier-nz                     = 128
   pme-order                      = 4
   ewald-rtol                     = 1e-05
   ewald-rtol-lj                  = 0.001
   lj-pme-comb-rule               = Geometric
   ewald-geometry                 = 0
   epsilon-surface                = 0
   implicit-solvent               = No
   gb-algorithm                   = Still
   nstgbradii                     = 1
   rgbradii                       = 1
   gb-epsilon-solvent             = 80
   gb-saltconc                    = 0
   gb-obc-alpha                   = 1
   gb-obc-beta                    = 0.8
   gb-obc-gamma                   = 4.85
   gb-dielectric-offset           = 0.009
   sa-algorithm                   = Ace-approximation
   sa-surface-tension             = 2.05016
   tcoupl                         = V-rescale
   nsttcouple                     = 10
   nh-chain-length                = 0
   print-nose-hoover-chain-variables = FALSE
   pcoupl                         = No
   pcoupltype                     = Semiisotropic
   nstpcouple                     = -1
   tau-p                          = 5
   compressibility (3x3):
      compressibility[    0]={ 0.00000e+00,  0.00000e+00,  0.00000e+00}
      compressibility[    1]={ 0.00000e+00,  0.00000e+00,  0.00000e+00}
      compressibility[    2]={ 0.00000e+00,  0.00000e+00,  0.00000e+00}
   ref-p (3x3):
      ref-p[    0]={ 0.00000e+00,  0.00000e+00,  0.00000e+00}
      ref-p[    1]={ 0.00000e+00,  0.00000e+00,  0.00000e+00}
      ref-p[    2]={ 0.00000e+00,  0.00000e+00,  0.00000e+00}
   refcoord-scaling               = COM
   posres-com (3):
      posres-com[0]= 0.00000e+00
      posres-com[1]= 0.00000e+00
      posres-com[2]= 0.00000e+00
   posres-comB (3):
      posres-comB[0]= 0.00000e+00
      posres-comB[1]= 0.00000e+00
      posres-comB[2]= 0.00000e+00
   QMMM                           = FALSE
   QMconstraints                  = 0
   QMMMscheme                     = 0
   MMChargeScaleFactor            = 1
qm-opts:
   ngQM                           = 0
   constraint-algorithm           = Lincs
   continuation                   = FALSE
   Shake-SOR                      = FALSE
   shake-tol                      = 1e-04
   lincs-order                    = 4
   lincs-iter                     = 1
   lincs-warnangle                = 45
   nwall                          = 0
   wall-type                      = 9-3
   wall-r-linpot                  = -1
   wall-atomtype[0]               = -1
   wall-atomtype[1]               = -1
   wall-density[0]                = 0
   wall-density[1]                = 0
   wall-ewald-zfac                = 3
   pull                           = FALSE
   rotation                       = FALSE
   interactiveMD                  = FALSE
   disre                          = No
   disre-weighting                = Conservative
   disre-mixed                    = FALSE
   dr-fc                          = 1000
   dr-tau                         = 0
   nstdisreout                    = 100
   orire-fc                       = 0
   orire-tau                      = 0
   nstorireout                    = 100
   free-energy                    = no
   cos-acceleration               = 0
   deform (3x3):
      deform[    0]={ 0.00000e+00,  0.00000e+00,  0.00000e+00}
      deform[    1]={ 0.00000e+00,  0.00000e+00,  0.00000e+00}
      deform[    2]={ 0.00000e+00,  0.00000e+00,  0.00000e+00}
   simulated-tempering            = FALSE
   E-x:
      n = 0
   E-xt:
      n = 0
   E-y:
      n = 0
   E-yt:
      n = 0
   E-z:
      n = 0
   E-zt:
      n = 0
   swapcoords                     = no
   adress                         = FALSE
   userint1                       = 0
   userint2                       = 0
   userint3                       = 0
   userint4                       = 0
   userreal1                      = 0
   userreal2                      = 0
   userreal3                      = 0
   userreal4                      = 0
grpopts:
   nrdf:     54019.4     33135.6      196258
   ref-t:         310         310         310
   tau-t:         0.1         0.1         0.1
annealing:          No          No          No
annealing-npoints:           0           0           0
   acc:	           0           0           0
   nfreeze:           N           N           N
   energygrp-flags[  0]: 0


Initializing Domain Decomposition on 512 ranks

NOTE: Cycle counting is not supported on this architecture, will not use dynamic load balancing

Dynamic load balancing: off
Will sort the charge groups at every domain (re)decomposition
Initial maximum inter charge-group distances:
    two-body bonded interactions: 0.458 nm, LJ-14, atoms 2075 2313
  multi-body bonded interactions: 0.458 nm, Proper Dih., atoms 2075 2313
Minimum cell size due to bonded interactions: 0.504 nm
Maximum distance for 5 constraints, at 120 deg. angles, all-trans: 0.871 nm
Estimated maximum distance required for P-LINCS: 0.871 nm
This distance will limit the DD cell size, you can override this with -rcon
Guess for relative PME load: 0.09
Will use 448 particle-particle and 64 PME only ranks
This is a guess, check the performance at the end of the log file
Using 64 separate PME ranks, as guessed by mdrun
Optimizing the DD grid for 448 cells with a minimum initial size of 0.871 nm
The maximum allowed number of cells is: X 11 Y 11 Z 17
Domain decomposition grid 8 x 8 x 7, separate PME ranks 64
PME domain decomposition: 8 x 8 x 1
Interleaving PP and PME ranks
This rank does only particle-particle work.

Domain decomposition rank 0, coordinates 0 0 0

Using two step summing over 128 groups of on average 3.5 ranks

Using 512 MPI processes
Will do PME sum in reciprocal space for electrostatic interactions.

++++ PLEASE READ AND CITE THE FOLLOWING REFERENCE ++++
U. Essmann, L. Perera, M. L. Berkowitz, T. Darden, H. Lee and L. G. Pedersen 
A smooth particle mesh Ewald method
J. Chem. Phys. 103 (1995) pp. 8577-8592
-------- -------- --- Thank You --- -------- --------

Will do ordinary reciprocal space Ewald sum.
Using a Gaussian width (1/beta) of 0.320163 nm for Ewald
Cut-off's:   NS: 1.028   Coulomb: 1   LJ: 1
Long Range LJ corr.: <C6> 6.7202e-04
System total charge: 0.000
Generated table with 4056 data points for Ewald.
Tabscale = 2000 points/nm
Generated table with 4056 data points for LJ6.
Tabscale = 2000 points/nm
Generated table with 4056 data points for LJ12.
Tabscale = 2000 points/nm
Generated table with 4056 data points for 1-4 COUL.
Tabscale = 2000 points/nm
Generated table with 4056 data points for 1-4 LJ6.
Tabscale = 2000 points/nm
Generated table with 4056 data points for 1-4 LJ12.
Tabscale = 2000 points/nm
Potential shift: LJ r^-12: -1.000e+00 r^-6: -1.000e+00, Ewald -1.000e-05
Initialized non-bonded Ewald correction tables, spacing: 9.33e-04 size: 1073


Using plain C 4x4 non-bonded kernels


WARNING: Using the slow plain C kernels. This should
not happen during routine usage on supported platforms.


Using Lorentz-Berthelot Lennard-Jones combination rule

Removing pbc first time
Pinning threads with an auto-selected logical core stride of 1

Initializing Parallel LINear Constraint Solver

++++ PLEASE READ AND CITE THE FOLLOWING REFERENCE ++++
B. Hess
P-LINCS: A Parallel Linear Constraint Solver for molecular simulation
J. Chem. Theory Comput. 4 (2008) pp. 116-122
-------- -------- --- Thank You --- -------- --------

The number of constraints is 43677
There are inter charge-group constraints,
will communicate selected coordinates each lincs iteration

++++ PLEASE READ AND CITE THE FOLLOWING REFERENCE ++++
S. Miyamoto and P. A. Kollman
SETTLE: An Analytical Version of the SHAKE and RATTLE Algorithms for Rigid
Water Models
J. Comp. Chem. 13 (1992) pp. 952-962
-------- -------- --- Thank You --- -------- --------


Linking all bonded interactions to atoms

The initial number of communication pulses is: X 1 Y 1 Z 1
The initial domain decomposition cell size is: X 1.22 nm Y 1.22 nm Z 2.12 nm

The maximum allowed distance for charge groups involved in interactions is:
                 non-bonded interactions           1.028 nm
            two-body bonded interactions  (-rdd)   1.028 nm
          multi-body bonded interactions  (-rdd)   1.028 nm
  atoms separated by up to 5 constraints  (-rcon)  1.218 nm


Making 3D domain decomposition grid 8 x 8 x 7, home cell index 0 0 0

Center of mass motion removal mode is Linear
We have the following groups for center of mass motion removal:
  0:  System

++++ PLEASE READ AND CITE THE FOLLOWING REFERENCE ++++
G. Bussi, D. Donadio and M. Parrinello
Canonical sampling through velocity rescaling
J. Chem. Phys. 126 (2007) pp. 014101
-------- -------- --- Thank You --- -------- --------

There are: 141677 Atoms
Atom distribution over 448 domains: av 316 stddev 83 min 120 max 420

Constraining the starting coordinates (step 0)

Constraining the coordinates at t0-dt (step 0)
RMS relative constraint deviation after constraining: 6.69e-06
Initial temperature: 308.788 K

Started mdrun on rank 0 Mon Sep 10 15:46:53 2018
           Step           Time         Lambda
              0        0.00000        0.00000

   Energies (kJ/mol)
          Angle    Proper Dih. Ryckaert-Bell.  Improper Dih.  Improper Dih.
    8.90882e+04    8.15625e+04    1.56558e+04    1.81447e+03    3.30358e+03
          LJ-14     Coulomb-14        LJ (SR)  Disper. corr.   Coulomb (SR)
    4.75340e+04    3.40970e+05    7.67582e+04   -3.46877e+04   -2.51731e+06
   Coul. recip.      Potential    Kinetic En.   Total Energy  Conserved En.
    2.10406e+04   -1.87427e+06    3.64053e+05   -1.51022e+06   -1.51022e+06
    Temperature Pres. DC (bar) Pressure (bar)   Constr. rmsd
    3.08987e+02   -3.54583e+02    3.03603e+02    3.25738e-05

           Step           Time         Lambda
            100        0.25000        0.00000

   Energies (kJ/mol)
          Angle    Proper Dih. Ryckaert-Bell.  Improper Dih.  Improper Dih.
    8.89589e+04    8.16825e+04    1.54064e+04    1.72022e+03    3.14137e+03
          LJ-14     Coulomb-14        LJ (SR)  Disper. corr.   Coulomb (SR)
    4.74656e+04    3.40946e+05    7.68474e+04   -3.46877e+04   -2.51815e+06
   Coul. recip.      Potential    Kinetic En.   Total Energy  Conserved En.
    2.12590e+04   -1.87541e+06    3.63886e+05   -1.51152e+06   -1.51050e+06
    Temperature Pres. DC (bar) Pressure (bar)   Constr. rmsd
    3.08846e+02   -3.54583e+02    1.10734e+02    3.54276e-05

           Step           Time         Lambda
            200        0.50000        0.00000

   Energies (kJ/mol)
          Angle    Proper Dih. Ryckaert-Bell.  Improper Dih.  Improper Dih.
    8.94487e+04    8.16337e+04    1.53388e+04    1.81223e+03    3.36145e+03
          LJ-14     Coulomb-14        LJ (SR)  Disper. corr.   Coulomb (SR)
    4.77004e+04    3.41413e+05    7.69823e+04   -3.46877e+04   -2.51836e+06
   Coul. recip.      Potential    Kinetic En.   Total Energy  Conserved En.
    2.10297e+04   -1.87433e+06    3.67541e+05   -1.50679e+06   -1.51065e+06
    Temperature Pres. DC (bar) Pressure (bar)   Constr. rmsd
    3.11948e+02   -3.54583e+02    4.42309e+01    3.57758e-05

           Step           Time         Lambda
            300        0.75000        0.00000

   Energies (kJ/mol)
          Angle    Proper Dih. Ryckaert-Bell.  Improper Dih.  Improper Dih.
    8.94647e+04    8.08058e+04    1.52870e+04    1.98942e+03    3.23274e+03
          LJ-14     Coulomb-14        LJ (SR)  Disper. corr.   Coulomb (SR)
    4.73928e+04    3.40632e+05    7.38856e+04   -3.46877e+04   -2.51192e+06
   Coul. recip.      Potential    Kinetic En.   Total Energy  Conserved En.
    2.09968e+04   -1.87292e+06    3.63967e+05   -1.50895e+06   -1.51080e+06
    Temperature Pres. DC (bar) Pressure (bar)   Constr. rmsd
    3.08915e+02   -3.54583e+02   -5.68447e+01    3.57890e-05

           Step           Time         Lambda
            400        1.00000        0.00000

   Energies (kJ/mol)
          Angle    Proper Dih. Ryckaert-Bell.  Improper Dih.  Improper Dih.
    8.89534e+04    8.14065e+04    1.51937e+04    1.83847e+03    3.28459e+03
          LJ-14     Coulomb-14        LJ (SR)  Disper. corr.   Coulomb (SR)
    4.76070e+04    3.39976e+05    7.38162e+04   -3.46877e+04   -2.51311e+06
   Coul. recip.      Potential    Kinetic En.   Total Energy  Conserved En.
    2.14029e+04   -1.87432e+06    3.65632e+05   -1.50868e+06   -1.51088e+06
    Temperature Pres. DC (bar) Pressure (bar)   Constr. rmsd
    3.10327e+02   -3.54583e+02    3.21380e+01    3.49796e-05

           Step           Time         Lambda
            500        1.25000        0.00000

   Energies (kJ/mol)
          Angle    Proper Dih. Ryckaert-Bell.  Improper Dih.  Improper Dih.
    8.86700e+04    8.15417e+04    1.54614e+04    1.85558e+03    3.34676e+03
          LJ-14     Coulomb-14        LJ (SR)  Disper. corr.   Coulomb (SR)
    4.71151e+04    3.40367e+05    7.23067e+04   -3.46877e+04   -2.51179e+06
   Coul. recip.      Potential    Kinetic En.   Total Energy  Conserved En.
    2.13326e+04   -1.87448e+06    3.64866e+05   -1.50962e+06   -1.51111e+06
    Temperature Pres. DC (bar) Pressure (bar)   Constr. rmsd
    3.09677e+02   -3.54583e+02   -1.43610e+02    3.60340e-05

           Step           Time         Lambda
            600        1.50000        0.00000

   Energies (kJ/mol)
          Angle    Proper Dih. Ryckaert-Bell.  Improper Dih.  Improper Dih.
    8.80291e+04    8.16295e+04    1.54991e+04    1.88977e+03    3.20920e+03
          LJ-14     Coulomb-14        LJ (SR)  Disper. corr.   Coulomb (SR)
    4.75388e+04    3.40486e+05    7.51155e+04   -3.46877e+04   -2.51425e+06
   Coul. recip.      Potential    Kinetic En.   Total Energy  Conserved En.
    2.13032e+04   -1.87424e+06    3.64167e+05   -1.51007e+06   -1.51124e+06
    Temperature Pres. DC (bar) Pressure (bar)   Constr. rmsd
    3.09084e+02   -3.54583e+02    1.68175e+02    3.44465e-05

           Step           Time         Lambda
            700        1.75000        0.00000

   Energies (kJ/mol)
          Angle    Proper Dih. Ryckaert-Bell.  Improper Dih.  Improper Dih.
    8.88853e+04    8.18674e+04    1.56422e+04    1.88455e+03    3.22542e+03
          LJ-14     Coulomb-14        LJ (SR)  Disper. corr.   Coulomb (SR)
    4.77367e+04    3.39849e+05    7.51635e+04   -3.46877e+04   -2.51341e+06
   Coul. recip.      Potential    Kinetic En.   Total Energy  Conserved En.
    2.14599e+04   -1.87238e+06    3.65624e+05   -1.50676e+06   -1.51135e+06
    Temperature Pres. DC (bar) Pressure (bar)   Constr. rmsd
    3.10321e+02   -3.54583e+02   -5.73355e+00    3.59519e-05

           Step           Time         Lambda
            800        2.00000        0.00000

   Energies (kJ/mol)
          Angle    Proper Dih. Ryckaert-Bell.  Improper Dih.  Improper Dih.
    8.95339e+04    8.15603e+04    1.51848e+04    1.80208e+03    3.42478e+03
          LJ-14     Coulomb-14        LJ (SR)  Disper. corr.   Coulomb (SR)
    4.74136e+04    3.40483e+05    7.54903e+04   -3.46877e+04   -2.51280e+06
   Coul. recip.      Potential    Kinetic En.   Total Energy  Conserved En.
    2.12380e+04   -1.87136e+06    3.65641e+05   -1.50572e+06   -1.51146e+06
    Temperature Pres. DC (bar) Pressure (bar)   Constr. rmsd
    3.10335e+02   -3.54583e+02    7.32760e+01    3.52090e-05

           Step           Time         Lambda
            900        2.25000        0.00000

   Energies (kJ/mol)
          Angle    Proper Dih. Ryckaert-Bell.  Improper Dih.  Improper Dih.
    8.91263e+04    8.12645e+04    1.53754e+04    1.89510e+03    3.23645e+03
          LJ-14     Coulomb-14        LJ (SR)  Disper. corr.   Coulomb (SR)
    4.78116e+04    3.40975e+05    7.56912e+04   -3.46877e+04   -2.51405e+06
   Coul. recip.      Potential    Kinetic En.   Total Energy  Conserved En.
    2.12027e+04   -1.87215e+06    3.65489e+05   -1.50667e+06   -1.51165e+06
    Temperature Pres. DC (bar) Pressure (bar)   Constr. rmsd
    3.10206e+02   -3.54583e+02    4.73816e+00    3.55590e-05

           Step           Time         Lambda
           1000        2.50000        0.00000

   Energies (kJ/mol)
          Angle    Proper Dih. Ryckaert-Bell.  Improper Dih.  Improper Dih.
    8.89118e+04    8.14674e+04    1.52208e+04    1.93867e+03    3.41928e+03
          LJ-14     Coulomb-14        LJ (SR)  Disper. corr.   Coulomb (SR)
    4.74954e+04    3.40711e+05    7.42653e+04   -3.46877e+04   -2.51389e+06
   Coul. recip.      Potential    Kinetic En.   Total Energy  Conserved En.
    2.11064e+04   -1.87405e+06    3.66203e+05   -1.50784e+06   -1.51185e+06
    Temperature Pres. DC (bar) Pressure (bar)   Constr. rmsd
    3.10812e+02   -3.54583e+02   -2.55487e+01    3.52553e-05

           Step           Time         Lambda
           1100        2.75000        0.00000

   Energies (kJ/mol)
          Angle    Proper Dih. Ryckaert-Bell.  Improper Dih.  Improper Dih.
    8.87998e+04    8.14039e+04    1.53432e+04    1.77392e+03    3.35340e+03
          LJ-14     Coulomb-14        LJ (SR)  Disper. corr.   Coulomb (SR)
    4.75644e+04    3.40392e+05    7.33696e+04   -3.46877e+04   -2.51383e+06
   Coul. recip.      Potential    Kinetic En.   Total Energy  Conserved En.
    2.13113e+04   -1.87521e+06    3.65637e+05   -1.50957e+06   -1.51192e+06
    Temperature Pres. DC (bar) Pressure (bar)   Constr. rmsd
    3.10332e+02   -3.54583e+02   -1.04556e+02    3.62755e-05

           Step           Time         Lambda
           1200        3.00000        0.00000

   Energies (kJ/mol)
          Angle    Proper Dih. Ryckaert-Bell.  Improper Dih.  Improper Dih.
    8.82282e+04    8.14615e+04    1.51443e+04    1.95150e+03    3.46718e+03
          LJ-14     Coulomb-14        LJ (SR)  Disper. corr.   Coulomb (SR)
    4.79873e+04    3.40632e+05    7.71133e+04   -3.46877e+04   -2.51752e+06
   Coul. recip.      Potential    Kinetic En.   Total Energy  Conserved En.
    2.09769e+04   -1.87524e+06    3.64701e+05   -1.51054e+06   -1.51202e+06
    Temperature Pres. DC (bar) Pressure (bar)   Constr. rmsd
    3.09537e+02   -3.54583e+02    1.70865e+02    3.52350e-05

           Step           Time         Lambda
           1300        3.25000        0.00000

   Energies (kJ/mol)
          Angle    Proper Dih. Ryckaert-Bell.  Improper Dih.  Improper Dih.
    8.93417e+04    8.11626e+04    1.53018e+04    1.85927e+03    3.40016e+03
          LJ-14     Coulomb-14        LJ (SR)  Disper. corr.   Coulomb (SR)
    4.74446e+04    3.40606e+05    7.29760e+04   -3.46877e+04   -2.51175e+06
   Coul. recip.      Potential    Kinetic En.   Total Energy  Conserved En.
    2.10141e+04   -1.87333e+06    3.66496e+05   -1.50684e+06   -1.51216e+06
    Temperature Pres. DC (bar) Pressure (bar)   Constr. rmsd
    3.11061e+02   -3.54583e+02   -9.58728e+01    3.58058e-05

           Step           Time         Lambda
           1400        3.50000        0.00000

   Energies (kJ/mol)
          Angle    Proper Dih. Ryckaert-Bell.  Improper Dih.  Improper Dih.
    8.89838e+04    8.16196e+04    1.53731e+04    1.93580e+03    3.44379e+03
          LJ-14     Coulomb-14        LJ (SR)  Disper. corr.   Coulomb (SR)
    4.76103e+04    3.40388e+05    7.30782e+04   -3.46877e+04   -2.51185e+06
   Coul. recip.      Potential    Kinetic En.   Total Energy  Conserved En.
    2.09349e+04   -1.87317e+06    3.65518e+05   -1.50765e+06   -1.51230e+06
    Temperature Pres. DC (bar) Pressure (bar)   Constr. rmsd
    3.10231e+02   -3.54583e+02   -3.21389e+01    3.53887e-05

           Step           Time         Lambda
           1500        3.75000        0.00000

   Energies (kJ/mol)
          Angle    Proper Dih. Ryckaert-Bell.  Improper Dih.  Improper Dih.
    8.84920e+04    8.11495e+04    1.53940e+04    1.81938e+03    3.26027e+03
          LJ-14     Coulomb-14        LJ (SR)  Disper. corr.   Coulomb (SR)
    4.74897e+04    3.40334e+05    7.39523e+04   -3.46877e+04   -2.51384e+06
   Coul. recip.      Potential    Kinetic En.   Total Energy  Conserved En.
    2.11448e+04   -1.87550e+06    3.66284e+05   -1.50921e+06   -1.51250e+06
    Temperature Pres. DC (bar) Pressure (bar)   Constr. rmsd
    3.10881e+02   -3.54583e+02   -6.71104e+01    3.52984e-05

           Step           Time         Lambda
           1600        4.00000        0.00000

   Energies (kJ/mol)
          Angle    Proper Dih. Ryckaert-Bell.  Improper Dih.  Improper Dih.
    8.88793e+04    8.11748e+04    1.54283e+04    1.97381e+03    3.19336e+03
          LJ-14     Coulomb-14        LJ (SR)  Disper. corr.   Coulomb (SR)
    4.76198e+04    3.40233e+05    7.89169e+04   -3.46877e+04   -2.52032e+06
   Coul. recip.      Potential    Kinetic En.   Total Energy  Conserved En.
    2.11953e+04   -1.87640e+06    3.64912e+05   -1.51148e+06   -1.51255e+06
    Temperature Pres. DC (bar) Pressure (bar)   Constr. rmsd
    3.09716e+02   -3.54583e+02    1.99545e+02    3.46281e-05

           Step           Time         Lambda
           1700        4.25000        0.00000

   Energies (kJ/mol)
          Angle    Proper Dih. Ryckaert-Bell.  Improper Dih.  Improper Dih.
    8.96870e+04    8.16695e+04    1.52964e+04    1.92772e+03    3.36160e+03
          LJ-14     Coulomb-14        LJ (SR)  Disper. corr.   Coulomb (SR)
    4.75738e+04    3.39608e+05    7.36978e+04   -3.46877e+04   -2.51174e+06
   Coul. recip.      Potential    Kinetic En.   Total Energy  Conserved En.
    2.11893e+04   -1.87242e+06    3.65209e+05   -1.50721e+06   -1.51274e+06
    Temperature Pres. DC (bar) Pressure (bar)   Constr. rmsd
    3.09968e+02   -3.54583e+02   -8.81479e+00    3.55256e-05

           Step           Time         Lambda
           1800        4.50000        0.00000

   Energies (kJ/mol)
          Angle    Proper Dih. Ryckaert-Bell.  Improper Dih.  Improper Dih.
    8.89659e+04    8.11689e+04    1.54825e+04    1.88594e+03    3.27629e+03
          LJ-14     Coulomb-14        LJ (SR)  Disper. corr.   Coulomb (SR)
    4.76797e+04    3.40789e+05    7.50207e+04   -3.46877e+04   -2.51362e+06
   Coul. recip.      Potential    Kinetic En.   Total Energy  Conserved En.
    2.10493e+04   -1.87299e+06    3.66327e+05   -1.50666e+06   -1.51287e+06
    Temperature Pres. DC (bar) Pressure (bar)   Constr. rmsd
    3.10917e+02   -3.54583e+02    3.23551e+01    3.48799e-05

           Step           Time         Lambda
           1900        4.75000        0.00000

   Energies (kJ/mol)
          Angle    Proper Dih. Ryckaert-Bell.  Improper Dih.  Improper Dih.
    8.89407e+04    8.14906e+04    1.54608e+04    1.86307e+03    3.19398e+03
          LJ-14     Coulomb-14        LJ (SR)  Disper. corr.   Coulomb (SR)
    4.74343e+04    3.40648e+05    7.46769e+04   -3.46877e+04   -2.51435e+06
   Coul. recip.      Potential    Kinetic En.   Total Energy  Conserved En.
    2.10422e+04   -1.87428e+06    3.65135e+05   -1.50915e+06   -1.51305e+06
    Temperature Pres. DC (bar) Pressure (bar)   Constr. rmsd
    3.09906e+02   -3.54583e+02   -1.34440e+02    3.58109e-05

           Step           Time         Lambda
           2000        5.00000        0.00000

   Energies (kJ/mol)
          Angle    Proper Dih. Ryckaert-Bell.  Improper Dih.  Improper Dih.
    8.84206e+04    8.15787e+04    1.57858e+04    1.88144e+03    3.26036e+03
          LJ-14     Coulomb-14        LJ (SR)  Disper. corr.   Coulomb (SR)
    4.76995e+04    3.40584e+05    7.32809e+04   -3.46877e+04   -2.51293e+06
   Coul. recip.      Potential    Kinetic En.   Total Energy  Conserved En.
    2.11950e+04   -1.87393e+06    3.66851e+05   -1.50708e+06   -1.51331e+06
    Temperature Pres. DC (bar) Pressure (bar)   Constr. rmsd
    3.11362e+02   -3.54583e+02   -4.04399e+01    3.58334e-05

           Step           Time         Lambda
           2100        5.25000        0.00000

   Energies (kJ/mol)
          Angle    Proper Dih. Ryckaert-Bell.  Improper Dih.  Improper Dih.
    8.89684e+04    8.12858e+04    1.55416e+04    1.82268e+03    3.17842e+03
          LJ-14     Coulomb-14        LJ (SR)  Disper. corr.   Coulomb (SR)
    4.74227e+04    3.40433e+05    7.49363e+04   -3.46877e+04   -2.51568e+06
   Coul. recip.      Potential    Kinetic En.   Total Energy  Conserved En.
    2.10927e+04   -1.87568e+06    3.65101e+05   -1.51058e+06   -1.51332e+06
    Temperature Pres. DC (bar) Pressure (bar)   Constr. rmsd
    3.09876e+02   -3.54583e+02    4.87201e+01    3.48524e-05

           Step           Time         Lambda
           2200        5.50000        0.00000

   Energies (kJ/mol)
          Angle    Proper Dih. Ryckaert-Bell.  Improper Dih.  Improper Dih.
    8.95902e+04    8.14971e+04    1.54141e+04    1.91394e+03    3.30350e+03
          LJ-14     Coulomb-14        LJ (SR)  Disper. corr.   Coulomb (SR)
    4.73846e+04    3.39707e+05    7.61287e+04   -3.46877e+04   -2.51593e+06
   Coul. recip.      Potential    Kinetic En.   Total Energy  Conserved En.
    2.12188e+04   -1.87446e+06    3.67524e+05   -1.50694e+06   -1.51347e+06
    Temperature Pres. DC (bar) Pressure (bar)   Constr. rmsd
    3.11933e+02   -3.54583e+02    5.34951e+01    3.52956e-05

           Step           Time         Lambda
           2300        5.75000        0.00000

   Energies (kJ/mol)
          Angle    Proper Dih. Ryckaert-Bell.  Improper Dih.  Improper Dih.
    8.84751e+04    8.16257e+04    1.55531e+04    1.83722e+03    3.36065e+03
          LJ-14     Coulomb-14        LJ (SR)  Disper. corr.   Coulomb (SR)
    4.76078e+04    3.41144e+05    7.52717e+04   -3.46877e+04   -2.51565e+06
   Coul. recip.      Potential    Kinetic En.   Total Energy  Conserved En.
    2.12248e+04   -1.87424e+06    3.64894e+05   -1.50934e+06   -1.51359e+06
    Temperature Pres. DC (bar) Pressure (bar)   Constr. rmsd
    3.09701e+02   -3.54583e+02    1.01395e+02    3.47263e-05

           Step           Time         Lambda
           2400        6.00000        0.00000

   Energies (kJ/mol)
          Angle    Proper Dih. Ryckaert-Bell.  Improper Dih.  Improper Dih.
    8.90450e+04    8.14634e+04    1.59329e+04    1.92624e+03    3.29677e+03
          LJ-14     Coulomb-14        LJ (SR)  Disper. corr.   Coulomb (SR)
    4.76338e+04    3.39804e+05    7.60848e+04   -3.46877e+04   -2.51604e+06
   Coul. recip.      Potential    Kinetic En.   Total Energy  Conserved En.
    2.11255e+04   -1.87442e+06    3.64987e+05   -1.50943e+06   -1.51372e+06
    Temperature Pres. DC (bar) Pressure (bar)   Constr. rmsd
    3.09780e+02   -3.54583e+02    1.97313e+01    3.57729e-05

           Step           Time         Lambda
           2500        6.25000        0.00000

   Energies (kJ/mol)
          Angle    Proper Dih. Ryckaert-Bell.  Improper Dih.  Improper Dih.
    8.82479e+04    8.15846e+04    1.55713e+04    1.90037e+03    3.34131e+03
          LJ-14     Coulomb-14        LJ (SR)  Disper. corr.   Coulomb (SR)
    4.79172e+04    3.41060e+05    7.47157e+04   -3.46877e+04   -2.51507e+06
   Coul. recip.      Potential    Kinetic En.   Total Energy  Conserved En.
    2.11704e+04   -1.87425e+06    3.64498e+05   -1.50975e+06   -1.51393e+06
    Temperature Pres. DC (bar) Pressure (bar)   Constr. rmsd
    3.09365e+02   -3.54583e+02    9.99047e+01    3.54566e-05

           Step           Time         Lambda
           2600        6.50000        0.00000

   Energies (kJ/mol)
          Angle    Proper Dih. Ryckaert-Bell.  Improper Dih.  Improper Dih.
    8.87353e+04    8.12190e+04    1.52196e+04    1.81639e+03    3.40023e+03
          LJ-14     Coulomb-14        LJ (SR)  Disper. corr.   Coulomb (SR)
    4.77535e+04    3.41342e+05    7.65516e+04   -3.46877e+04   -2.51591e+06
   Coul. recip.      Potential    Kinetic En.   Total Energy  Conserved En.
    2.08681e+04   -1.87370e+06    3.66071e+05   -1.50763e+06   -1.51398e+06
    Temperature Pres. DC (bar) Pressure (bar)   Constr. rmsd
    3.10700e+02   -3.54583e+02    1.60747e+02    3.54275e-05

           Step           Time         Lambda
           2700        6.75000        0.00000

   Energies (kJ/mol)
          Angle    Proper Dih. Ryckaert-Bell.  Improper Dih.  Improper Dih.
    8.83212e+04    8.14612e+04    1.52719e+04    1.81322e+03    3.22788e+03
          LJ-14     Coulomb-14        LJ (SR)  Disper. corr.   Coulomb (SR)
    4.75538e+04    3.40563e+05    7.46006e+04   -3.46877e+04   -2.51537e+06
   Coul. recip.      Potential    Kinetic En.   Total Energy  Conserved En.
    2.12808e+04   -1.87597e+06    3.64555e+05   -1.51141e+06   -1.51419e+06
    Temperature Pres. DC (bar) Pressure (bar)   Constr. rmsd
    3.09413e+02   -3.54583e+02    2.79191e+01    3.43311e-05

           Step           Time         Lambda
           2800        7.00000        0.00000

   Energies (kJ/mol)
          Angle    Proper Dih. Ryckaert-Bell.  Improper Dih.  Improper Dih.
    8.89822e+04    8.14624e+04    1.55728e+04    1.90227e+03    3.23145e+03
          LJ-14     Coulomb-14        LJ (SR)  Disper. corr.   Coulomb (SR)
    4.73298e+04    3.40312e+05    7.46723e+04   -3.46877e+04   -2.51482e+06
   Coul. recip.      Potential    Kinetic En.   Total Energy  Conserved En.
    2.13548e+04   -1.87468e+06    3.67818e+05   -1.50687e+06   -1.51436e+06
    Temperature Pres. DC (bar) Pressure (bar)   Constr. rmsd
    3.12183e+02   -3.54583e+02   -2.03656e+01    3.58916e-05

           Step           Time         Lambda
           2900        7.25000        0.00000

   Energies (kJ/mol)
          Angle    Proper Dih. Ryckaert-Bell.  Improper Dih.  Improper Dih.
    8.90022e+04    8.17841e+04    1.57691e+04    1.90493e+03    3.29362e+03
          LJ-14     Coulomb-14        LJ (SR)  Disper. corr.   Coulomb (SR)
    4.73980e+04    3.40775e+05    7.68255e+04   -3.46877e+04   -2.51767e+06
   Coul. recip.      Potential    Kinetic En.   Total Energy  Conserved En.
    2.12514e+04   -1.87436e+06    3.64356e+05   -1.51000e+06   -1.51436e+06
    Temperature Pres. DC (bar) Pressure (bar)   Constr. rmsd
    3.09244e+02   -3.54583e+02    7.48557e+01    3.53269e-05

           Step           Time         Lambda
           3000        7.50000        0.00000

   Energies (kJ/mol)
          Angle    Proper Dih. Ryckaert-Bell.  Improper Dih.  Improper Dih.
    8.92550e+04    8.17240e+04    1.54089e+04    1.83201e+03    3.30103e+03
          LJ-14     Coulomb-14        LJ (SR)  Disper. corr.   Coulomb (SR)
    4.75100e+04    3.39887e+05    7.64074e+04   -3.46877e+04   -2.51610e+06
   Coul. recip.      Potential    Kinetic En.   Total Energy  Conserved En.
    2.12135e+04   -1.87424e+06    3.64739e+05   -1.50951e+06   -1.51456e+06
    Temperature Pres. DC (bar) Pressure (bar)   Constr. rmsd
    3.09570e+02   -3.54583e+02    8.52834e+01    3.48212e-05

           Step           Time         Lambda
           3100        7.75000        0.00000

   Energies (kJ/mol)
          Angle    Proper Dih. Ryckaert-Bell.  Improper Dih.  Improper Dih.
    8.94445e+04    8.13228e+04    1.58863e+04    1.88760e+03    3.39261e+03
          LJ-14     Coulomb-14        LJ (SR)  Disper. corr.   Coulomb (SR)
    4.71626e+04    3.39851e+05    7.49968e+04   -3.46877e+04   -2.51491e+06
   Coul. recip.      Potential    Kinetic En.   Total Energy  Conserved En.
    2.12200e+04   -1.87443e+06    3.64222e+05   -1.51021e+06   -1.51471e+06
    Temperature Pres. DC (bar) Pressure (bar)   Constr. rmsd
    3.09131e+02   -3.54583e+02   -2.04574e+02    3.63174e-05

           Step           Time         Lambda
           3200        8.00000        0.00000

   Energies (kJ/mol)
          Angle    Proper Dih. Ryckaert-Bell.  Improper Dih.  Improper Dih.
    8.96147e+04    8.12470e+04    1.57012e+04    1.86066e+03    3.21623e+03
          LJ-14     Coulomb-14        LJ (SR)  Disper. corr.   Coulomb (SR)
    4.76607e+04    3.40509e+05    7.32483e+04   -3.46877e+04   -2.51319e+06
   Coul. recip.      Potential    Kinetic En.   Total Energy  Conserved En.
    2.12600e+04   -1.87356e+06    3.64246e+05   -1.50931e+06   -1.51479e+06
    Temperature Pres. DC (bar) Pressure (bar)   Constr. rmsd
    3.09151e+02   -3.54583e+02    8.58504e+01    3.48168e-05

           Step           Time         Lambda
           3300        8.25000        0.00000

   Energies (kJ/mol)
          Angle    Proper Dih. Ryckaert-Bell.  Improper Dih.  Improper Dih.
    8.80636e+04    8.13368e+04    1.52303e+04    1.82225e+03    3.21525e+03
          LJ-14     Coulomb-14        LJ (SR)  Disper. corr.   Coulomb (SR)
    4.75407e+04    3.40871e+05    7.59389e+04   -3.46877e+04   -2.51725e+06
   Coul. recip.      Potential    Kinetic En.   Total Energy  Conserved En.
    2.12721e+04   -1.87664e+06    3.64935e+05   -1.51171e+06   -1.51501e+06
    Temperature Pres. DC (bar) Pressure (bar)   Constr. rmsd
    3.09736e+02   -3.54583e+02    2.85925e+01    3.53143e-05

           Step           Time         Lambda
           3400        8.50000        0.00000

   Energies (kJ/mol)
          Angle    Proper Dih. Ryckaert-Bell.  Improper Dih.  Improper Dih.
    8.77762e+04    8.14685e+04    1.55618e+04    1.85092e+03    3.15388e+03
          LJ-14     Coulomb-14        LJ (SR)  Disper. corr.   Coulomb (SR)
    4.74944e+04    3.40527e+05    7.35757e+04   -3.46877e+04   -2.51429e+06
   Coul. recip.      Potential    Kinetic En.   Total Energy  Conserved En.
    2.10967e+04   -1.87647e+06    3.63683e+05   -1.51279e+06   -1.51512e+06
    Temperature Pres. DC (bar) Pressure (bar)   Constr. rmsd
    3.08674e+02   -3.54583e+02   -2.40822e+01    3.54215e-05

           Step           Time         Lambda
           3500        8.75000        0.00000

   Energies (kJ/mol)
          Angle    Proper Dih. Ryckaert-Bell.  Improper Dih.  Improper Dih.
    8.80680e+04    8.17247e+04    1.53960e+04    1.77576e+03    3.34486e+03
          LJ-14     Coulomb-14        LJ (SR)  Disper. corr.   Coulomb (SR)
    4.71809e+04    3.40160e+05    7.45819e+04   -3.46877e+04   -2.51417e+06
   Coul. recip.      Potential    Kinetic En.   Total Energy  Conserved En.
    2.09730e+04   -1.87565e+06    3.63272e+05   -1.51238e+06   -1.51525e+06
    Temperature Pres. DC (bar) Pressure (bar)   Constr. rmsd
    3.08324e+02   -3.54583e+02   -5.60187e+01    3.60608e-05

           Step           Time         Lambda
           3600        9.00000        0.00000

   Energies (kJ/mol)
          Angle    Proper Dih. Ryckaert-Bell.  Improper Dih.  Improper Dih.
    8.75849e+04    8.14776e+04    1.56957e+04    1.81945e+03    3.32536e+03
          LJ-14     Coulomb-14        LJ (SR)  Disper. corr.   Coulomb (SR)
    4.77672e+04    3.40032e+05    7.54791e+04   -3.46877e+04   -2.51588e+06
   Coul. recip.      Potential    Kinetic En.   Total Energy  Conserved En.
    2.12973e+04   -1.87609e+06    3.64165e+05   -1.51193e+06   -1.51546e+06
    Temperature Pres. DC (bar) Pressure (bar)   Constr. rmsd
    3.09082e+02   -3.54583e+02    2.84071e+01    3.51210e-05

           Step           Time         Lambda
           3700        9.25000        0.00000

   Energies (kJ/mol)
          Angle    Proper Dih. Ryckaert-Bell.  Improper Dih.  Improper Dih.
    8.87435e+04    8.13253e+04    1.55400e+04    1.85125e+03    3.45285e+03
          LJ-14     Coulomb-14        LJ (SR)  Disper. corr.   Coulomb (SR)
    4.71509e+04    3.40745e+05    7.61339e+04   -3.46877e+04   -2.51543e+06
   Coul. recip.      Potential    Kinetic En.   Total Energy  Conserved En.
    2.14082e+04   -1.87377e+06    3.66945e+05   -1.50682e+06   -1.51557e+06
    Temperature Pres. DC (bar) Pressure (bar)   Constr. rmsd
    3.11442e+02   -3.54583e+02   -7.88322e+01    3.60211e-05

           Step           Time         Lambda
           3800        9.50000        0.00000

   Energies (kJ/mol)
          Angle    Proper Dih. Ryckaert-Bell.  Improper Dih.  Improper Dih.
    8.89007e+04    8.18512e+04    1.55147e+04    1.96680e+03    3.28114e+03
          LJ-14     Coulomb-14        LJ (SR)  Disper. corr.   Coulomb (SR)
    4.72130e+04    3.40704e+05    7.47322e+04   -3.46877e+04   -2.51474e+06
   Coul. recip.      Potential    Kinetic En.   Total Energy  Conserved En.
    2.13560e+04   -1.87391e+06    3.65227e+05   -1.50868e+06   -1.51570e+06
    Temperature Pres. DC (bar) Pressure (bar)   Constr. rmsd
    3.09984e+02   -3.54583e+02   -4.44762e+01    3.52016e-05

           Step           Time         Lambda
           3900        9.75000        0.00000

   Energies (kJ/mol)
          Angle    Proper Dih. Ryckaert-Bell.  Improper Dih.  Improper Dih.
    8.85081e+04    8.16330e+04    1.53652e+04    1.84440e+03    3.34893e+03
          LJ-14     Coulomb-14        LJ (SR)  Disper. corr.   Coulomb (SR)
    4.79200e+04    3.40456e+05    7.73137e+04   -3.46877e+04   -2.51680e+06
   Coul. recip.      Potential    Kinetic En.   Total Energy  Conserved En.
    2.11049e+04   -1.87399e+06    3.65210e+05   -1.50878e+06   -1.51578e+06
    Temperature Pres. DC (bar) Pressure (bar)   Constr. rmsd
    3.09970e+02   -3.54583e+02    1.84607e+02    3.43002e-05

           Step           Time         Lambda
           4000       10.00000        0.00000

   Energies (kJ/mol)
          Angle    Proper Dih. Ryckaert-Bell.  Improper Dih.  Improper Dih.
    8.87310e+04    8.14469e+04    1.53413e+04    1.86032e+03    3.25266e+03
          LJ-14     Coulomb-14        LJ (SR)  Disper. corr.   Coulomb (SR)
    4.76745e+04    3.39815e+05    7.69297e+04   -3.46877e+04   -2.51696e+06
   Coul. recip.      Potential    Kinetic En.   Total Energy  Conserved En.
    2.12985e+04   -1.87530e+06    3.65058e+05   -1.51024e+06   -1.51590e+06
    Temperature Pres. DC (bar) Pressure (bar)   Constr. rmsd
    3.09840e+02   -3.54583e+02    6.36414e+01    3.53051e-05

           Step           Time         Lambda
           4100       10.25000        0.00000

   Energies (kJ/mol)
          Angle    Proper Dih. Ryckaert-Bell.  Improper Dih.  Improper Dih.
    8.84589e+04    8.14636e+04    1.55279e+04    1.95634e+03    3.38560e+03
          LJ-14     Coulomb-14        LJ (SR)  Disper. corr.   Coulomb (SR)
    4.76950e+04    3.40864e+05    7.61162e+04   -3.46877e+04   -2.51634e+06
   Coul. recip.      Potential    Kinetic En.   Total Energy  Conserved En.
    2.10283e+04   -1.87453e+06    3.64118e+05   -1.51041e+06   -1.51604e+06
    Temperature Pres. DC (bar) Pressure (bar)   Constr. rmsd
    3.09043e+02   -3.54583e+02    1.33888e+02    3.45344e-05

           Step           Time         Lambda
           4200       10.50000        0.00000

   Energies (kJ/mol)
          Angle    Proper Dih. Ryckaert-Bell.  Improper Dih.  Improper Dih.
    8.87081e+04    8.18495e+04    1.53161e+04    1.74793e+03    3.32969e+03
          LJ-14     Coulomb-14        LJ (SR)  Disper. corr.   Coulomb (SR)
    4.74616e+04    3.40334e+05    7.60268e+04   -3.46877e+04   -2.51644e+06
   Coul. recip.      Potential    Kinetic En.   Total Energy  Conserved En.
    2.12477e+04   -1.87510e+06    3.64685e+05   -1.51042e+06   -1.51621e+06
    Temperature Pres. DC (bar) Pressure (bar)   Constr. rmsd
    3.09524e+02   -3.54583e+02   -6.16264e+01    3.57423e-05

           Step           Time         Lambda
           4300       10.75000        0.00000

   Energies (kJ/mol)
          Angle    Proper Dih. Ryckaert-Bell.  Improper Dih.  Improper Dih.
    8.91939e+04    8.13676e+04    1.52770e+04    1.78630e+03    3.29194e+03
          LJ-14     Coulomb-14        LJ (SR)  Disper. corr.   Coulomb (SR)
    4.79085e+04    3.40280e+05    7.56618e+04   -3.46877e+04   -2.51323e+06
   Coul. recip.      Potential    Kinetic En.   Total Energy  Conserved En.
    2.12132e+04   -1.87194e+06    3.64639e+05   -1.50730e+06   -1.51632e+06
    Temperature Pres. DC (bar) Pressure (bar)   Constr. rmsd
    3.09485e+02   -3.54583e+02    1.49581e+01    3.52155e-05

           Step           Time         Lambda
           4400       11.00000        0.00000

   Energies (kJ/mol)
          Angle    Proper Dih. Ryckaert-Bell.  Improper Dih.  Improper Dih.
    8.83198e+04    8.15274e+04    1.50478e+04    1.82276e+03    3.30099e+03
          LJ-14     Coulomb-14        LJ (SR)  Disper. corr.   Coulomb (SR)
    4.72980e+04    3.40698e+05    7.30876e+04   -3.46877e+04   -2.51217e+06
   Coul. recip.      Potential    Kinetic En.   Total Energy  Conserved En.
    2.10051e+04   -1.87475e+06    3.63082e+05   -1.51167e+06   -1.51648e+06
    Temperature Pres. DC (bar) Pressure (bar)   Constr. rmsd
    3.08163e+02   -3.54583e+02   -5.23457e+01    3.48880e-05

           Step           Time         Lambda
           4500       11.25000        0.00000

   Energies (kJ/mol)
          Angle    Proper Dih. Ryckaert-Bell.  Improper Dih.  Improper Dih.
    8.88107e+04    8.13695e+04    1.55126e+04    1.78353e+03    3.28029e+03
          LJ-14     Coulomb-14        LJ (SR)  Disper. corr.   Coulomb (SR)
    4.74087e+04    3.40035e+05    7.54017e+04   -3.46877e+04   -2.51497e+06
   Coul. recip.      Potential    Kinetic En.   Total Energy  Conserved En.
    2.11676e+04   -1.87489e+06    3.65968e+05   -1.50892e+06   -1.51671e+06
    Temperature Pres. DC (bar) Pressure (bar)   Constr. rmsd
    3.10612e+02   -3.54583e+02   -5.83925e+01    3.60479e-05

           Step           Time         Lambda
           4600       11.50000        0.00000

   Energies (kJ/mol)
          Angle    Proper Dih. Ryckaert-Bell.  Improper Dih.  Improper Dih.
    8.81314e+04    8.18250e+04    1.54108e+04    1.88629e+03    3.35281e+03
          LJ-14     Coulomb-14        LJ (SR)  Disper. corr.   Coulomb (SR)
    4.75637e+04    3.40306e+05    7.33934e+04   -3.46877e+04   -2.51240e+06
   Coul. recip.      Potential    Kinetic En.   Total Energy  Conserved En.
    2.11166e+04   -1.87411e+06    3.64498e+05   -1.50961e+06   -1.51680e+06
    Temperature Pres. DC (bar) Pressure (bar)   Constr. rmsd
    3.09365e+02   -3.54583e+02   -6.82814e+01    3.55826e-05

           Step           Time         Lambda
           4700       11.75000        0.00000

   Energies (kJ/mol)
          Angle    Proper Dih. Ryckaert-Bell.  Improper Dih.  Improper Dih.
    8.85475e+04    8.15925e+04    1.55984e+04    1.84281e+03    3.20196e+03
          LJ-14     Coulomb-14        LJ (SR)  Disper. corr.   Coulomb (SR)
    4.70441e+04    3.40541e+05    7.48917e+04   -3.46877e+04   -2.51322e+06
   Coul. recip.      Potential    Kinetic En.   Total Energy  Conserved En.
    2.11148e+04   -1.87354e+06    3.63438e+05   -1.51010e+06   -1.51693e+06
    Temperature Pres. DC (bar) Pressure (bar)   Constr. rmsd
    3.08465e+02   -3.54583e+02   -6.60893e+01    3.56555e-05

           Step           Time         Lambda
           4800       12.00000        0.00000

   Energies (kJ/mol)
          Angle    Proper Dih. Ryckaert-Bell.  Improper Dih.  Improper Dih.
    8.85781e+04    8.18518e+04    1.53343e+04    1.98209e+03    3.33779e+03
          LJ-14     Coulomb-14        LJ (SR)  Disper. corr.   Coulomb (SR)
    4.75827e+04    3.40747e+05    7.47489e+04   -3.46877e+04   -2.51479e+06
   Coul. recip.      Potential    Kinetic En.   Total Energy  Conserved En.
    2.11335e+04   -1.87418e+06    3.64855e+05   -1.50933e+06   -1.51705e+06
    Temperature Pres. DC (bar) Pressure (bar)   Constr. rmsd
    3.09668e+02   -3.54583e+02   -1.32719e+01    3.43719e-05

           Step           Time         Lambda
           4900       12.25000        0.00000

   Energies (kJ/mol)
          Angle    Proper Dih. Ryckaert-Bell.  Improper Dih.  Improper Dih.
    8.78523e+04    8.20128e+04    1.52480e+04    1.93217e+03    3.34335e+03
          LJ-14     Coulomb-14        LJ (SR)  Disper. corr.   Coulomb (SR)
    4.76799e+04    3.40040e+05    7.55275e+04   -3.46877e+04   -2.51518e+06
   Coul. recip.      Potential    Kinetic En.   Total Energy  Conserved En.
    2.12380e+04   -1.87500e+06    3.65525e+05   -1.50947e+06   -1.51725e+06
    Temperature Pres. DC (bar) Pressure (bar)   Constr. rmsd
    3.10236e+02   -3.54583e+02    3.02884e+01    3.53216e-05

           Step           Time         Lambda
           5000       12.50000        0.00000

   Energies (kJ/mol)
          Angle    Proper Dih. Ryckaert-Bell.  Improper Dih.  Improper Dih.
    8.81274e+04    8.17069e+04    1.52773e+04    1.89344e+03    3.24658e+03
          LJ-14     Coulomb-14        LJ (SR)  Disper. corr.   Coulomb (SR)
    4.77507e+04    3.40617e+05    7.47169e+04   -3.46877e+04   -2.51513e+06
   Coul. recip.      Potential    Kinetic En.   Total Energy  Conserved En.
    2.10613e+04   -1.87542e+06    3.64266e+05   -1.51116e+06   -1.51738e+06
    Temperature Pres. DC (bar) Pressure (bar)   Constr. rmsd
    3.09168e+02   -3.54583e+02    9.99872e+00    3.38811e-05

           Step           Time         Lambda
           5100       12.75000        0.00000

   Energies (kJ/mol)
          Angle    Proper Dih. Ryckaert-Bell.  Improper Dih.  Improper Dih.
    8.90891e+04    8.16832e+04    1.57169e+04    1.89442e+03    3.26154e+03
          LJ-14     Coulomb-14        LJ (SR)  Disper. corr.   Coulomb (SR)
    4.73894e+04    3.40075e+05    7.51620e+04   -3.46877e+04   -2.51458e+06
   Coul. recip.      Potential    Kinetic En.   Total Energy  Conserved En.
    2.10804e+04   -1.87392e+06    3.64392e+05   -1.50952e+06   -1.51750e+06
    Temperature Pres. DC (bar) Pressure (bar)   Constr. rmsd
    3.09275e+02   -3.54583e+02   -3.21370e+01    3.58081e-05

           Step           Time         Lambda
           5200       13.00000        0.00000

   Energies (kJ/mol)
          Angle    Proper Dih. Ryckaert-Bell.  Improper Dih.  Improper Dih.
    8.83721e+04    8.18589e+04    1.55906e+04    1.87985e+03    3.36313e+03
          LJ-14     Coulomb-14        LJ (SR)  Disper. corr.   Coulomb (SR)
    4.77588e+04    3.40294e+05    7.31725e+04   -3.46877e+04   -2.51216e+06
   Coul. recip.      Potential    Kinetic En.   Total Energy  Conserved En.
    2.12499e+04   -1.87331e+06    3.64587e+05   -1.50872e+06   -1.51767e+06
    Temperature Pres. DC (bar) Pressure (bar)   Constr. rmsd
    3.09441e+02   -3.54583e+02    1.81110e+01    3.47458e-05

           Step           Time         Lambda
           5300       13.25000        0.00000

   Energies (kJ/mol)
          Angle    Proper Dih. Ryckaert-Bell.  Improper Dih.  Improper Dih.
    8.83720e+04    8.19988e+04    1.54389e+04    1.80822e+03    3.34292e+03
          LJ-14     Coulomb-14        LJ (SR)  Disper. corr.   Coulomb (SR)
    4.75313e+04    3.40341e+05    7.61882e+04   -3.46877e+04   -2.51628e+06
   Coul. recip.      Potential    Kinetic En.   Total Energy  Conserved En.
    2.11519e+04   -1.87479e+06    3.64246e+05   -1.51055e+06   -1.51775e+06
    Temperature Pres. DC (bar) Pressure (bar)   Constr. rmsd
    3.09151e+02   -3.54583e+02    7.59791e+01    3.52533e-05

           Step           Time         Lambda
           5400       13.50000        0.00000

   Energies (kJ/mol)
          Angle    Proper Dih. Ryckaert-Bell.  Improper Dih.  Improper Dih.
    8.82300e+04    8.15234e+04    1.55447e+04    1.96894e+03    3.36298e+03
          LJ-14     Coulomb-14        LJ (SR)  Disper. corr.   Coulomb (SR)
    4.71287e+04    3.39835e+05    7.50658e+04   -3.46877e+04   -2.51585e+06
   Coul. recip.      Potential    Kinetic En.   Total Energy  Conserved En.
    2.09768e+04   -1.87690e+06    3.63525e+05   -1.51337e+06   -1.51793e+06
    Temperature Pres. DC (bar) Pressure (bar)   Constr. rmsd
    3.08539e+02   -3.54583e+02   -2.16369e+01    3.47013e-05

           Step           Time         Lambda
           5500       13.75000        0.00000

   Energies (kJ/mol)
          Angle    Proper Dih. Ryckaert-Bell.  Improper Dih.  Improper Dih.
    8.88725e+04    8.17218e+04    1.56293e+04    1.93830e+03    3.31551e+03
          LJ-14     Coulomb-14        LJ (SR)  Disper. corr.   Coulomb (SR)
    4.77291e+04    3.40309e+05    7.49435e+04   -3.46877e+04   -2.51734e+06
   Coul. recip.      Potential    Kinetic En.   Total Energy  Conserved En.
    2.09717e+04   -1.87660e+06    3.65948e+05   -1.51065e+06   -1.51803e+06
    Temperature Pres. DC (bar) Pressure (bar)   Constr. rmsd
    3.10596e+02   -3.54583e+02   -1.82553e+01    3.50578e-05

           Step           Time         Lambda
           5600       14.00000        0.00000

   Energies (kJ/mol)
          Angle    Proper Dih. Ryckaert-Bell.  Improper Dih.  Improper Dih.
    8.77917e+04    8.13889e+04    1.54911e+04    1.86514e+03    3.32669e+03
          LJ-14     Coulomb-14        LJ (SR)  Disper. corr.   Coulomb (SR)
    4.78346e+04    3.40202e+05    7.38469e+04   -3.46877e+04   -2.51361e+06
   Coul. recip.      Potential    Kinetic En.   Total Energy  Conserved En.
    2.10316e+04   -1.87552e+06    3.64656e+05   -1.51086e+06   -1.51822e+06
    Temperature Pres. DC (bar) Pressure (bar)   Constr. rmsd
    3.09499e+02   -3.54583e+02    9.40208e+01    3.47363e-05

           Step           Time         Lambda
           5700       14.25000        0.00000

   Energies (kJ/mol)
          Angle    Proper Dih. Ryckaert-Bell.  Improper Dih.  Improper Dih.
    8.83420e+04    8.14994e+04    1.56292e+04    1.86782e+03    3.32540e+03
          LJ-14     Coulomb-14        LJ (SR)  Disper. corr.   Coulomb (SR)
    4.74151e+04    3.40798e+05    7.47803e+04   -3.46877e+04   -2.51393e+06
   Coul. recip.      Potential    Kinetic En.   Total Energy  Conserved En.
    2.11859e+04   -1.87378e+06    3.65408e+05   -1.50837e+06   -1.51838e+06
    Temperature Pres. DC (bar) Pressure (bar)   Constr. rmsd
    3.10137e+02   -3.54583e+02   -3.07649e+01    3.53817e-05

           Step           Time         Lambda
           5800       14.50000        0.00000

   Energies (kJ/mol)
          Angle    Proper Dih. Ryckaert-Bell.  Improper Dih.  Improper Dih.
    8.83259e+04    8.17349e+04    1.56905e+04    1.97722e+03    3.19968e+03
          LJ-14     Coulomb-14        LJ (SR)  Disper. corr.   Coulomb (SR)
    4.76880e+04    3.40245e+05    7.48639e+04   -3.46877e+04   -2.51402e+06
   Coul. recip.      Potential    Kinetic En.   Total Energy  Conserved En.
    2.11105e+04   -1.87387e+06    3.64713e+05   -1.50916e+06   -1.51845e+06
    Temperature Pres. DC (bar) Pressure (bar)   Constr. rmsd
    3.09548e+02   -3.54583e+02    2.05369e+02    3.47755e-05

           Step           Time         Lambda
           5900       14.75000        0.00000

   Energies (kJ/mol)
          Angle    Proper Dih. Ryckaert-Bell.  Improper Dih.  Improper Dih.
    8.86498e+04    8.14558e+04    1.53525e+04    1.87724e+03    3.19691e+03
          LJ-14     Coulomb-14        LJ (SR)  Disper. corr.   Coulomb (SR)
    4.74554e+04    3.39981e+05    7.45964e+04   -3.46877e+04   -2.51507e+06
   Coul. recip.      Potential    Kinetic En.   Total Energy  Conserved En.
    2.09598e+04   -1.87623e+06    3.63572e+05   -1.51266e+06   -1.51856e+06
    Temperature Pres. DC (bar) Pressure (bar)   Constr. rmsd
    3.08579e+02   -3.54583e+02    1.62626e+01    3.48096e-05

           Step           Time         Lambda
           6000       15.00000        0.00000

   Energies (kJ/mol)
          Angle    Proper Dih. Ryckaert-Bell.  Improper Dih.  Improper Dih.
    8.87542e+04    8.11933e+04    1.52791e+04    1.94607e+03    3.30360e+03
          LJ-14     Coulomb-14        LJ (SR)  Disper. corr.   Coulomb (SR)
    4.74997e+04    3.40373e+05    7.61882e+04   -3.46877e+04   -2.51694e+06
   Coul. recip.      Potential    Kinetic En.   Total Energy  Conserved En.
    2.12408e+04   -1.87585e+06    3.64754e+05   -1.51109e+06   -1.51871e+06
    Temperature Pres. DC (bar) Pressure (bar)   Constr. rmsd
    3.09583e+02   -3.54583e+02    6.00945e+01    3.52763e-05

           Step           Time         Lambda
           6100       15.25000        0.00000

   Energies (kJ/mol)
          Angle    Proper Dih. Ryckaert-Bell.  Improper Dih.  Improper Dih.
    8.89418e+04    8.15045e+04    1.53914e+04    1.87461e+03    3.40545e+03
          LJ-14     Coulomb-14        LJ (SR)  Disper. corr.   Coulomb (SR)
    4.73483e+04    3.40300e+05    7.23488e+04   -3.46877e+04   -2.51117e+06
   Coul. recip.      Potential    Kinetic En.   Total Energy  Conserved En.
    2.11067e+04   -1.87364e+06    3.64468e+05   -1.50917e+06   -1.51885e+06
    Temperature Pres. DC (bar) Pressure (bar)   Constr. rmsd
    3.09340e+02   -3.54583e+02   -1.00493e+02    3.53353e-05

           Step           Time         Lambda
           6200       15.50000        0.00000

   Energies (kJ/mol)
          Angle    Proper Dih. Ryckaert-Bell.  Improper Dih.  Improper Dih.
    8.89805e+04    8.18793e+04    1.53645e+04    1.76286e+03    3.22180e+03
          LJ-14     Coulomb-14        LJ (SR)  Disper. corr.   Coulomb (SR)
    4.79698e+04    3.40795e+05    7.50959e+04   -3.46877e+04   -2.51481e+06
   Coul. recip.      Potential    Kinetic En.   Total Energy  Conserved En.
    2.08234e+04   -1.87361e+06    3.65298e+05   -1.50831e+06   -1.51894e+06
    Temperature Pres. DC (bar) Pressure (bar)   Constr. rmsd
    3.10044e+02   -3.54583e+02    2.52716e+01    3.49001e-05

           Step           Time         Lambda
           6300       15.75000        0.00000

   Energies (kJ/mol)
          Angle    Proper Dih. Ryckaert-Bell.  Improper Dih.  Improper Dih.
    8.82856e+04    8.15893e+04    1.55039e+04    1.84812e+03    3.30632e+03
          LJ-14     Coulomb-14        LJ (SR)  Disper. corr.   Coulomb (SR)
    4.76505e+04    3.40081e+05    7.49634e+04   -3.46877e+04   -2.51414e+06
   Coul. recip.      Potential    Kinetic En.   Total Energy  Conserved En.
    2.09418e+04   -1.87466e+06    3.65213e+05   -1.50945e+06   -1.51911e+06
    Temperature Pres. DC (bar) Pressure (bar)   Constr. rmsd
    3.09972e+02   -3.54583e+02    8.72437e+01    3.53091e-05

           Step           Time         Lambda
           6400       16.00000        0.00000

   Energies (kJ/mol)
          Angle    Proper Dih. Ryckaert-Bell.  Improper Dih.  Improper Dih.
    8.92842e+04    8.14774e+04    1.53441e+04    1.83607e+03    3.35087e+03
          LJ-14     Coulomb-14        LJ (SR)  Disper. corr.   Coulomb (SR)
    4.76029e+04    3.39873e+05    7.52430e+04   -3.46877e+04   -2.51455e+06
   Coul. recip.      Potential    Kinetic En.   Total Energy  Conserved En.
    2.11821e+04   -1.87404e+06    3.64088e+05   -1.50996e+06   -1.51925e+06
    Temperature Pres. DC (bar) Pressure (bar)   Constr. rmsd
    3.09017e+02   -3.54583e+02   -8.41445e+01    3.55855e-05

           Step           Time         Lambda
           6500       16.25000        0.00000

   Energies (kJ/mol)
          Angle    Proper Dih. Ryckaert-Bell.  Improper Dih.  Improper Dih.
    8.89467e+04    8.12800e+04    1.53782e+04    1.83301e+03    3.24261e+03
          LJ-14     Coulomb-14        LJ (SR)  Disper. corr.   Coulomb (SR)
    4.74688e+04    3.40681e+05    7.28786e+04   -3.46877e+04   -2.51335e+06
   Coul. recip.      Potential    Kinetic En.   Total Energy  Conserved En.
    2.10369e+04   -1.87529e+06    3.64094e+05   -1.51119e+06   -1.51941e+06
    Temperature Pres. DC (bar) Pressure (bar)   Constr. rmsd
    3.09022e+02   -3.54583e+02   -1.21638e+02    3.49879e-05

           Step           Time         Lambda
           6600       16.50000        0.00000

   Energies (kJ/mol)
          Angle    Proper Dih. Ryckaert-Bell.  Improper Dih.  Improper Dih.
    8.96451e+04    8.14283e+04    1.52825e+04    1.88506e+03    3.25695e+03
          LJ-14     Coulomb-14        LJ (SR)  Disper. corr.   Coulomb (SR)
    4.76001e+04    3.40013e+05    7.60924e+04   -3.46877e+04   -2.51468e+06
   Coul. recip.      Potential    Kinetic En.   Total Energy  Conserved En.
    2.11736e+04   -1.87299e+06    3.64648e+05   -1.50834e+06   -1.51951e+06
    Temperature Pres. DC (bar) Pressure (bar)   Constr. rmsd
    3.09492e+02   -3.54583e+02    4.62737e+01    3.53671e-05

           Step           Time         Lambda
           6700       16.75000        0.00000

   Energies (kJ/mol)
          Angle    Proper Dih. Ryckaert-Bell.  Improper Dih.  Improper Dih.
    8.85343e+04    8.12389e+04    1.52681e+04    1.89759e+03    3.38790e+03
          LJ-14     Coulomb-14        LJ (SR)  Disper. corr.   Coulomb (SR)
    4.74665e+04    3.40312e+05    7.35615e+04   -3.46877e+04   -2.51327e+06
   Coul. recip.      Potential    Kinetic En.   Total Energy  Conserved En.
    2.09916e+04   -1.87530e+06    3.66533e+05   -1.50877e+06   -1.51973e+06
    Temperature Pres. DC (bar) Pressure (bar)   Constr. rmsd
    3.11092e+02   -3.54583e+02   -2.62249e+01    3.48194e-05

           Step           Time         Lambda
           6800       17.00000        0.00000

   Energies (kJ/mol)
          Angle    Proper Dih. Ryckaert-Bell.  Improper Dih.  Improper Dih.
    8.94287e+04    8.20101e+04    1.56080e+04    1.91607e+03    3.25451e+03
          LJ-14     Coulomb-14        LJ (SR)  Disper. corr.   Coulomb (SR)
    4.75444e+04    3.39783e+05    7.67065e+04   -3.46877e+04   -2.51584e+06
   Coul. recip.      Potential    Kinetic En.   Total Energy  Conserved En.
    2.13021e+04   -1.87297e+06    3.65089e+05   -1.50788e+06   -1.51986e+06
    Temperature Pres. DC (bar) Pressure (bar)   Constr. rmsd
    3.09867e+02   -3.54583e+02    5.39853e+01    3.57338e-05

           Step           Time         Lambda
           6900       17.25000        0.00000

   Energies (kJ/mol)
          Angle    Proper Dih. Ryckaert-Bell.  Improper Dih.  Improper Dih.
    8.85564e+04    8.17735e+04    1.52404e+04    1.77338e+03    3.35429e+03
          LJ-14     Coulomb-14        LJ (SR)  Disper. corr.   Coulomb (SR)
    4.71409e+04    3.40817e+05    7.46039e+04   -3.46877e+04   -2.51719e+06
   Coul. recip.      Potential    Kinetic En.   Total Energy  Conserved En.
    2.11881e+04   -1.87743e+06    3.64304e+05   -1.51312e+06   -1.51992e+06
    Temperature Pres. DC (bar) Pressure (bar)   Constr. rmsd
    3.09201e+02   -3.54583e+02   -4.34151e+01    3.49398e-05

           Step           Time         Lambda
           7000       17.50000        0.00000

   Energies (kJ/mol)
          Angle    Proper Dih. Ryckaert-Bell.  Improper Dih.  Improper Dih.
    8.91511e+04    8.12112e+04    1.56517e+04    1.91797e+03    3.30014e+03
          LJ-14     Coulomb-14        LJ (SR)  Disper. corr.   Coulomb (SR)
    4.71101e+04    3.40525e+05    7.70936e+04   -3.46877e+04   -2.51927e+06
   Coul. recip.      Potential    Kinetic En.   Total Energy  Conserved En.
    2.14129e+04   -1.87658e+06    3.65067e+05   -1.51151e+06   -1.52012e+06
    Temperature Pres. DC (bar) Pressure (bar)   Constr. rmsd
    3.09848e+02   -3.54583e+02   -3.58242e+01    3.54953e-05

           Step           Time         Lambda
           7100       17.75000        0.00000

   Energies (kJ/mol)
          Angle    Proper Dih. Ryckaert-Bell.  Improper Dih.  Improper Dih.
    8.74025e+04    8.14164e+04    1.55211e+04    1.79367e+03    3.31410e+03
          LJ-14     Coulomb-14        LJ (SR)  Disper. corr.   Coulomb (SR)
    4.77153e+04    3.40319e+05    7.55516e+04   -3.46877e+04   -2.51721e+06
   Coul. recip.      Potential    Kinetic En.   Total Energy  Conserved En.
    2.10952e+04   -1.87777e+06    3.61396e+05   -1.51638e+06   -1.52028e+06
    Temperature Pres. DC (bar) Pressure (bar)   Constr. rmsd
    3.06732e+02   -3.54583e+02    5.92419e+01    3.44704e-05

           Step           Time         Lambda
           7200       18.00000        0.00000

   Energies (kJ/mol)
          Angle    Proper Dih. Ryckaert-Bell.  Improper Dih.  Improper Dih.
    8.82496e+04    8.15699e+04    1.56263e+04    1.94159e+03    3.23456e+03
          LJ-14     Coulomb-14        LJ (SR)  Disper. corr.   Coulomb (SR)
    4.75040e+04    3.40887e+05    7.63785e+04   -3.46877e+04   -2.51756e+06
   Coul. recip.      Potential    Kinetic En.   Total Energy  Conserved En.
    2.09410e+04   -1.87591e+06    3.65118e+05   -1.51079e+06   -1.52037e+06
    Temperature Pres. DC (bar) Pressure (bar)   Constr. rmsd
    3.09891e+02   -3.54583e+02    3.77017e+01    3.49265e-05

           Step           Time         Lambda
           7300       18.25000        0.00000

   Energies (kJ/mol)
          Angle    Proper Dih. Ryckaert-Bell.  Improper Dih.  Improper Dih.
    8.88671e+04    8.15567e+04    1.55680e+04    1.85320e+03    3.20776e+03
          LJ-14     Coulomb-14        LJ (SR)  Disper. corr.   Coulomb (SR)
    4.76137e+04    3.39781e+05    7.52098e+04   -3.46877e+04   -2.51539e+06
   Coul. recip.      Potential    Kinetic En.   Total Energy  Conserved En.
    2.12330e+04   -1.87518e+06    3.64496e+05   -1.51069e+06   -1.52055e+06
    Temperature Pres. DC (bar) Pressure (bar)   Constr. rmsd
    3.09363e+02   -3.54583e+02   -6.91495e+01    3.52924e-05

           Step           Time         Lambda
           7400       18.50000        0.00000

   Energies (kJ/mol)
          Angle    Proper Dih. Ryckaert-Bell.  Improper Dih.  Improper Dih.
    8.86694e+04    8.16849e+04    1.54295e+04    1.82559e+03    3.35335e+03
          LJ-14     Coulomb-14        LJ (SR)  Disper. corr.   Coulomb (SR)
    4.74957e+04    3.40283e+05    7.37823e+04   -3.46877e+04   -2.51359e+06
   Coul. recip.      Potential    Kinetic En.   Total Energy  Conserved En.
    2.12293e+04   -1.87453e+06    3.65339e+05   -1.50919e+06   -1.52066e+06
    Temperature Pres. DC (bar) Pressure (bar)   Constr. rmsd
    3.10079e+02   -3.54583e+02   -5.87996e+01    3.48728e-05

           Step           Time         Lambda
           7500       18.75000        0.00000

   Energies (kJ/mol)
          Angle    Proper Dih. Ryckaert-Bell.  Improper Dih.  Improper Dih.
    8.82879e+04    8.14320e+04    1.55085e+04    1.86993e+03    3.25249e+03
          LJ-14     Coulomb-14        LJ (SR)  Disper. corr.   Coulomb (SR)
    4.77461e+04    3.39909e+05    7.81170e+04   -3.46877e+04   -2.51889e+06
   Coul. recip.      Potential    Kinetic En.   Total Energy  Conserved En.
    2.10492e+04   -1.87640e+06    3.63639e+05   -1.51276e+06   -1.52083e+06
    Temperature Pres. DC (bar) Pressure (bar)   Constr. rmsd
    3.08636e+02   -3.54583e+02    1.48925e+02    3.45344e-05

           Step           Time         Lambda
           7600       19.00000        0.00000

   Energies (kJ/mol)
          Angle    Proper Dih. Ryckaert-Bell.  Improper Dih.  Improper Dih.
    8.87500e+04    8.11705e+04    1.54544e+04    1.87754e+03    3.29784e+03
          LJ-14     Coulomb-14        LJ (SR)  Disper. corr.   Coulomb (SR)
    4.76210e+04    3.39992e+05    7.56585e+04   -3.46877e+04   -2.51656e+06
   Coul. recip.      Potential    Kinetic En.   Total Energy  Conserved En.
    2.09585e+04   -1.87646e+06    3.62670e+05   -1.51379e+06   -1.52088e+06
    Temperature Pres. DC (bar) Pressure (bar)   Constr. rmsd
    3.07813e+02   -3.54583e+02    5.45458e+01    3.44938e-05

           Step           Time         Lambda
           7700       19.25000        0.00000

   Energies (kJ/mol)
          Angle    Proper Dih. Ryckaert-Bell.  Improper Dih.  Improper Dih.
    8.85890e+04    8.14591e+04    1.55182e+04    1.82523e+03    3.32893e+03
          LJ-14     Coulomb-14        LJ (SR)  Disper. corr.   Coulomb (SR)
    4.76957e+04    3.39963e+05    7.34294e+04   -3.46877e+04   -2.51321e+06
   Coul. recip.      Potential    Kinetic En.   Total Energy  Conserved En.
    2.11371e+04   -1.87495e+06    3.64876e+05   -1.51008e+06   -1.52114e+06
    Temperature Pres. DC (bar) Pressure (bar)   Constr. rmsd
    3.09686e+02   -3.54583e+02    3.24919e+01    3.52342e-05

           Step           Time         Lambda
           7800       19.50000        0.00000

   Energies (kJ/mol)
          Angle    Proper Dih. Ryckaert-Bell.  Improper Dih.  Improper Dih.
    8.86174e+04    8.12603e+04    1.57646e+04    1.87996e+03    3.14281e+03
          LJ-14     Coulomb-14        LJ (SR)  Disper. corr.   Coulomb (SR)
    4.75573e+04    3.40243e+05    7.48693e+04   -3.46877e+04   -2.51377e+06
   Coul. recip.      Potential    Kinetic En.   Total Energy  Conserved En.
    2.08746e+04   -1.87425e+06    3.65372e+05   -1.50888e+06   -1.52128e+06
    Temperature Pres. DC (bar) Pressure (bar)   Constr. rmsd
    3.10107e+02   -3.54583e+02    7.84169e+00    3.52485e-05

           Step           Time         Lambda
           7900       19.75000        0.00000

   Energies (kJ/mol)
          Angle    Proper Dih. Ryckaert-Bell.  Improper Dih.  Improper Dih.
    8.90559e+04    8.16778e+04    1.55702e+04    1.96665e+03    3.39762e+03
          LJ-14     Coulomb-14        LJ (SR)  Disper. corr.   Coulomb (SR)
    4.71982e+04    3.39984e+05    7.63305e+04   -3.46877e+04   -2.51673e+06
   Coul. recip.      Potential    Kinetic En.   Total Energy  Conserved En.
    2.09552e+04   -1.87528e+06    3.65318e+05   -1.50997e+06   -1.52140e+06
    Temperature Pres. DC (bar) Pressure (bar)   Constr. rmsd
    3.10061e+02   -3.54583e+02    2.29514e+01    3.50716e-05

           Step           Time         Lambda
           8000       20.00000        0.00000

   Energies (kJ/mol)
          Angle    Proper Dih. Ryckaert-Bell.  Improper Dih.  Improper Dih.
    8.86974e+04    8.15021e+04    1.56963e+04    1.85532e+03    3.32507e+03
          LJ-14     Coulomb-14        LJ (SR)  Disper. corr.   Coulomb (SR)
    4.73272e+04    3.40158e+05    7.74998e+04   -3.46877e+04   -2.51902e+06
   Coul. recip.      Potential    Kinetic En.   Total Energy  Conserved En.
    2.09231e+04   -1.87673e+06    3.65093e+05   -1.51163e+06   -1.52152e+06
    Temperature Pres. DC (bar) Pressure (bar)   Constr. rmsd
    3.09870e+02   -3.54583e+02    4.75577e+01    3.53638e-05

           Step           Time         Lambda
           8100       20.25000        0.00000

   Energies (kJ/mol)
          Angle    Proper Dih. Ryckaert-Bell.  Improper Dih.  Improper Dih.
    8.91871e+04    8.15118e+04    1.57650e+04    1.84457e+03    3.28646e+03
          LJ-14     Coulomb-14        LJ (SR)  Disper. corr.   Coulomb (SR)
    4.69328e+04    3.40095e+05    7.62390e+04   -3.46877e+04   -2.51833e+06
   Coul. recip.      Potential    Kinetic En.   Total Energy  Conserved En.
    2.10179e+04   -1.87714e+06    3.64933e+05   -1.51220e+06   -1.52166e+06
    Temperature Pres. DC (bar) Pressure (bar)   Constr. rmsd
    3.09735e+02   -3.54583e+02   -2.76469e+01    3.57269e-05

           Step           Time         Lambda
           8200       20.50000        0.00000

   Energies (kJ/mol)
          Angle    Proper Dih. Ryckaert-Bell.  Improper Dih.  Improper Dih.
    8.85333e+04    8.15921e+04    1.57480e+04    1.83219e+03    3.28348e+03
          LJ-14     Coulomb-14        LJ (SR)  Disper. corr.   Coulomb (SR)
    4.77379e+04    3.40089e+05    7.53517e+04   -3.46877e+04   -2.51674e+06
   Coul. recip.      Potential    Kinetic En.   Total Energy  Conserved En.
    2.10474e+04   -1.87621e+06    3.64704e+05   -1.51151e+06   -1.52176e+06
    Temperature Pres. DC (bar) Pressure (bar)   Constr. rmsd
    3.09540e+02   -3.54583e+02    5.09510e+00    3.47352e-05

           Step           Time         Lambda
           8300       20.75000        0.00000

   Energies (kJ/mol)
          Angle    Proper Dih. Ryckaert-Bell.  Improper Dih.  Improper Dih.
    8.93408e+04    8.18288e+04    1.57467e+04    1.81227e+03    3.39571e+03
          LJ-14     Coulomb-14        LJ (SR)  Disper. corr.   Coulomb (SR)
    4.76497e+04    3.39684e+05    7.72340e+04   -3.46877e+04   -2.51817e+06
   Coul. recip.      Potential    Kinetic En.   Total Energy  Conserved En.
    2.10910e+04   -1.87507e+06    3.66163e+05   -1.50891e+06   -1.52193e+06
    Temperature Pres. DC (bar) Pressure (bar)   Constr. rmsd
    3.10778e+02   -3.54583e+02    1.20364e+02    3.51397e-05

           Step           Time         Lambda
           8400       21.00000        0.00000

   Energies (kJ/mol)
          Angle    Proper Dih. Ryckaert-Bell.  Improper Dih.  Improper Dih.
    8.92373e+04    8.14588e+04    1.54541e+04    1.83612e+03    3.28507e+03
          LJ-14     Coulomb-14        LJ (SR)  Disper. corr.   Coulomb (SR)
    4.74958e+04    3.40462e+05    7.55863e+04   -3.46877e+04   -2.51729e+06
   Coul. recip.      Potential    Kinetic En.   Total Energy  Conserved En.
    2.11650e+04   -1.87600e+06    3.67196e+05   -1.50880e+06   -1.52210e+06
    Temperature Pres. DC (bar) Pressure (bar)   Constr. rmsd
    3.11655e+02   -3.54583e+02   -2.89880e+01    3.55858e-05

           Step           Time         Lambda
           8500       21.25000        0.00000

   Energies (kJ/mol)
          Angle    Proper Dih. Ryckaert-Bell.  Improper Dih.  Improper Dih.
    8.84823e+04    8.17311e+04    1.54228e+04    1.97348e+03    3.18127e+03
          LJ-14     Coulomb-14        LJ (SR)  Disper. corr.   Coulomb (SR)
    4.74924e+04    3.40260e+05    7.67003e+04   -3.46877e+04   -2.51741e+06
   Coul. recip.      Potential    Kinetic En.   Total Energy  Conserved En.
    2.12925e+04   -1.87556e+06    3.63860e+05   -1.51170e+06   -1.52220e+06
    Temperature Pres. DC (bar) Pressure (bar)   Constr. rmsd
    3.08823e+02   -3.54583e+02    7.00022e+01    3.54500e-05

           Step           Time         Lambda
           8600       21.50000        0.00000

   Energies (kJ/mol)
          Angle    Proper Dih. Ryckaert-Bell.  Improper Dih.  Improper Dih.
    8.90594e+04    8.17673e+04    1.55216e+04    1.87278e+03    3.30298e+03
          LJ-14     Coulomb-14        LJ (SR)  Disper. corr.   Coulomb (SR)
    4.76159e+04    3.40272e+05    7.53848e+04   -3.46877e+04   -2.51478e+06
   Coul. recip.      Potential    Kinetic En.   Total Energy  Conserved En.
    2.10767e+04   -1.87359e+06    3.63921e+05   -1.50967e+06   -1.52228e+06
    Temperature Pres. DC (bar) Pressure (bar)   Constr. rmsd
    3.08875e+02   -3.54583e+02    6.81899e+01    3.45227e-05

           Step           Time         Lambda
           8700       21.75000        0.00000

   Energies (kJ/mol)
          Angle    Proper Dih. Ryckaert-Bell.  Improper Dih.  Improper Dih.
    8.85372e+04    8.14609e+04    1.57382e+04    1.90573e+03    3.28868e+03
          LJ-14     Coulomb-14        LJ (SR)  Disper. corr.   Coulomb (SR)
    4.76630e+04    3.40322e+05    7.71469e+04   -3.46877e+04   -2.51546e+06
   Coul. recip.      Potential    Kinetic En.   Total Energy  Conserved En.
    2.11162e+04   -1.87297e+06    3.64614e+05   -1.50835e+06   -1.52245e+06
    Temperature Pres. DC (bar) Pressure (bar)   Constr. rmsd
    3.09464e+02   -3.54583e+02    7.70153e+01    3.49265e-05

           Step           Time         Lambda
           8800       22.00000        0.00000

   Energies (kJ/mol)
          Angle    Proper Dih. Ryckaert-Bell.  Improper Dih.  Improper Dih.
    8.89052e+04    8.21588e+04    1.54978e+04    1.92490e+03    3.18559e+03
          LJ-14     Coulomb-14        LJ (SR)  Disper. corr.   Coulomb (SR)
    4.76394e+04    3.40087e+05    7.44672e+04   -3.46877e+04   -2.51426e+06
   Coul. recip.      Potential    Kinetic En.   Total Energy  Conserved En.
    2.10324e+04   -1.87405e+06    3.65290e+05   -1.50876e+06   -1.52263e+06
    Temperature Pres. DC (bar) Pressure (bar)   Constr. rmsd
    3.10038e+02   -3.54583e+02   -6.74872e+01    3.56099e-05

           Step           Time         Lambda
           8900       22.25000        0.00000

   Energies (kJ/mol)
          Angle    Proper Dih. Ryckaert-Bell.  Improper Dih.  Improper Dih.
    8.88502e+04    8.17676e+04    1.52104e+04    1.88316e+03    3.17278e+03
          LJ-14     Coulomb-14        LJ (SR)  Disper. corr.   Coulomb (SR)
    4.76448e+04    3.40042e+05    7.37962e+04   -3.46877e+04   -2.51244e+06
   Coul. recip.      Potential    Kinetic En.   Total Energy  Conserved En.
    2.13216e+04   -1.87344e+06    3.65951e+05   -1.50749e+06   -1.52277e+06
    Temperature Pres. DC (bar) Pressure (bar)   Constr. rmsd
    3.10599e+02   -3.54583e+02   -6.74490e+01    3.58583e-05

           Step           Time         Lambda
           9000       22.50000        0.00000

   Energies (kJ/mol)
          Angle    Proper Dih. Ryckaert-Bell.  Improper Dih.  Improper Dih.
    8.82698e+04    8.14942e+04    1.56797e+04    1.88092e+03    3.25702e+03
          LJ-14     Coulomb-14        LJ (SR)  Disper. corr.   Coulomb (SR)
    4.82695e+04    3.40117e+05    7.49262e+04   -3.46877e+04   -2.51527e+06
   Coul. recip.      Potential    Kinetic En.   Total Energy  Conserved En.
    2.11501e+04   -1.87491e+06    3.63647e+05   -1.51127e+06   -1.52291e+06
    Temperature Pres. DC (bar) Pressure (bar)   Constr. rmsd
    3.08643e+02   -3.54583e+02   -2.11341e+00    3.47429e-05

           Step           Time         Lambda
           9100       22.75000        0.00000

   Energies (kJ/mol)
          Angle    Proper Dih. Ryckaert-Bell.  Improper Dih.  Improper Dih.
    8.89122e+04    8.15661e+04    1.54750e+04    1.78703e+03    3.33790e+03
          LJ-14     Coulomb-14        LJ (SR)  Disper. corr.   Coulomb (SR)
    4.72218e+04    3.40214e+05    7.49713e+04   -3.46877e+04   -2.51537e+06
   Coul. recip.      Potential    Kinetic En.   Total Energy  Conserved En.
    2.10766e+04   -1.87550e+06    3.61290e+05   -1.51421e+06   -1.52300e+06
    Temperature Pres. DC (bar) Pressure (bar)   Constr. rmsd
    3.06642e+02   -3.54583e+02   -3.86804e+00    3.52854e-05

           Step           Time         Lambda
           9200       23.00000        0.00000

   Energies (kJ/mol)
          Angle    Proper Dih. Ryckaert-Bell.  Improper Dih.  Improper Dih.
    8.88976e+04    8.17149e+04    1.53289e+04    1.84409e+03    3.27593e+03
          LJ-14     Coulomb-14        LJ (SR)  Disper. corr.   Coulomb (SR)
    4.74684e+04    3.39461e+05    7.54861e+04   -3.46877e+04   -2.51576e+06
   Coul. recip.      Potential    Kinetic En.   Total Energy  Conserved En.
    2.10550e+04   -1.87592e+06    3.64369e+05   -1.51155e+06   -1.52308e+06
    Temperature Pres. DC (bar) Pressure (bar)   Constr. rmsd
    3.09256e+02   -3.54583e+02   -1.33315e+01    3.51342e-05

           Step           Time         Lambda
           9300       23.25000        0.00000

   Energies (kJ/mol)
          Angle    Proper Dih. Ryckaert-Bell.  Improper Dih.  Improper Dih.
    8.80273e+04    8.19094e+04    1.55517e+04    1.98048e+03    3.29359e+03
          LJ-14     Coulomb-14        LJ (SR)  Disper. corr.   Coulomb (SR)
    4.78664e+04    3.40308e+05    7.54620e+04   -3.46877e+04   -2.51485e+06
   Coul. recip.      Potential    Kinetic En.   Total Energy  Conserved En.
    2.12280e+04   -1.87391e+06    3.66381e+05   -1.50753e+06   -1.52337e+06
    Temperature Pres. DC (bar) Pressure (bar)   Constr. rmsd
    3.10963e+02   -3.54583e+02    7.04512e+01    3.49182e-05

           Step           Time         Lambda
           9400       23.50000        0.00000

   Energies (kJ/mol)
          Angle    Proper Dih. Ryckaert-Bell.  Improper Dih.  Improper Dih.
    8.93675e+04    8.19170e+04    1.57049e+04    1.85143e+03    3.32171e+03
          LJ-14     Coulomb-14        LJ (SR)  Disper. corr.   Coulomb (SR)
    4.74866e+04    3.40433e+05    7.38407e+04   -3.46877e+04   -2.51351e+06
   Coul. recip.      Potential    Kinetic En.   Total Energy  Conserved En.
    2.09088e+04   -1.87337e+06    3.65100e+05   -1.50827e+06   -1.52334e+06
    Temperature Pres. DC (bar) Pressure (bar)   Constr. rmsd
    3.09876e+02   -3.54583e+02   -1.34274e+02    3.62380e-05

           Step           Time         Lambda
           9500       23.75000        0.00000

   Energies (kJ/mol)
          Angle    Proper Dih. Ryckaert-Bell.  Improper Dih.  Improper Dih.
    8.83551e+04    8.14645e+04    1.57938e+04    1.80464e+03    3.32410e+03
          LJ-14     Coulomb-14        LJ (SR)  Disper. corr.   Coulomb (SR)
    4.74996e+04    3.40311e+05    7.58592e+04   -3.46877e+04   -2.51515e+06
   Coul. recip.      Potential    Kinetic En.   Total Energy  Conserved En.
    2.10940e+04   -1.87433e+06    3.66240e+05   -1.50809e+06   -1.52361e+06
    Temperature Pres. DC (bar) Pressure (bar)   Constr. rmsd
    3.10843e+02   -3.54583e+02    3.18474e+01    3.54786e-05

           Step           Time         Lambda
           9600       24.00000        0.00000

   Energies (kJ/mol)
          Angle    Proper Dih. Ryckaert-Bell.  Improper Dih.  Improper Dih.
    8.80177e+04    8.16376e+04    1.56427e+04    1.92245e+03    3.30206e+03
          LJ-14     Coulomb-14        LJ (SR)  Disper. corr.   Coulomb (SR)
    4.78175e+04    3.40816e+05    7.46060e+04   -3.46877e+04   -2.51502e+06
   Coul. recip.      Potential    Kinetic En.   Total Energy  Conserved En.
    2.12866e+04   -1.87466e+06    3.64948e+05   -1.50971e+06   -1.52368e+06
    Temperature Pres. DC (bar) Pressure (bar)   Constr. rmsd
    3.09747e+02   -3.54583e+02    5.00568e+00    3.49112e-05

           Step           Time         Lambda
           9700       24.25000        0.00000

   Energies (kJ/mol)
          Angle    Proper Dih. Ryckaert-Bell.  Improper Dih.  Improper Dih.
    8.87998e+04    8.18287e+04    1.54610e+04    1.84401e+03    3.35746e+03
          LJ-14     Coulomb-14        LJ (SR)  Disper. corr.   Coulomb (SR)
    4.75171e+04    3.40217e+05    7.29998e+04   -3.46877e+04   -2.51254e+06
   Coul. recip.      Potential    Kinetic En.   Total Energy  Conserved En.
    2.10465e+04   -1.87415e+06    3.66044e+05   -1.50811e+06   -1.52387e+06
    Temperature Pres. DC (bar) Pressure (bar)   Constr. rmsd
    3.10677e+02   -3.54583e+02   -1.18874e+02    3.48835e-05

           Step           Time         Lambda
           9800       24.50000        0.00000

   Energies (kJ/mol)
          Angle    Proper Dih. Ryckaert-Bell.  Improper Dih.  Improper Dih.
    8.82714e+04    8.16953e+04    1.56235e+04    1.84463e+03    3.20480e+03
          LJ-14     Coulomb-14        LJ (SR)  Disper. corr.   Coulomb (SR)
    4.74472e+04    3.40235e+05    7.35174e+04   -3.46877e+04   -2.51195e+06
   Coul. recip.      Potential    Kinetic En.   Total Energy  Conserved En.
    2.10449e+04   -1.87375e+06    3.66567e+05   -1.50719e+06   -1.52410e+06
    Temperature Pres. DC (bar) Pressure (bar)   Constr. rmsd
    3.11121e+02   -3.54583e+02   -1.40505e+02    3.64599e-05

           Step           Time         Lambda
           9900       24.75000        0.00000

   Energies (kJ/mol)
          Angle    Proper Dih. Ryckaert-Bell.  Improper Dih.  Improper Dih.
    8.98322e+04    8.21040e+04    1.55580e+04    1.90028e+03    3.33022e+03
          LJ-14     Coulomb-14        LJ (SR)  Disper. corr.   Coulomb (SR)
    4.74926e+04    3.40072e+05    7.53490e+04   -3.46877e+04   -2.51440e+06
   Coul. recip.      Potential    Kinetic En.   Total Energy  Conserved En.
    2.09704e+04   -1.87248e+06    3.64703e+05   -1.50778e+06   -1.52412e+06
    Temperature Pres. DC (bar) Pressure (bar)   Constr. rmsd
    3.09539e+02   -3.54583e+02   -3.87758e+01    3.55329e-05

           Step           Time         Lambda
          10000       25.00000        0.00000

Writing checkpoint, step 10000 at Mon Sep 10 15:53:05 2018


   Energies (kJ/mol)
          Angle    Proper Dih. Ryckaert-Bell.  Improper Dih.  Improper Dih.
    8.87999e+04    8.21067e+04    1.54951e+04    1.91124e+03    3.40901e+03
          LJ-14     Coulomb-14        LJ (SR)  Disper. corr.   Coulomb (SR)
    4.73866e+04    3.39894e+05    7.38475e+04   -3.46877e+04   -2.51160e+06
   Coul. recip.      Potential    Kinetic En.   Total Energy  Conserved En.
    2.09580e+04   -1.87248e+06    3.65206e+05   -1.50727e+06   -1.52426e+06
    Temperature Pres. DC (bar) Pressure (bar)   Constr. rmsd
    3.09966e+02   -3.54583e+02    4.94378e+01    3.51255e-05

	<======  ###############  ==>
	<====  A V E R A G E S  ====>
	<==  ###############  ======>

	Statistics over 10001 steps using 1001 frames

   Energies (kJ/mol)
          Angle    Proper Dih. Ryckaert-Bell.  Improper Dih.  Improper Dih.
    8.87499e+04    8.15601e+04    1.54730e+04    1.85988e+03    3.29019e+03
          LJ-14     Coulomb-14        LJ (SR)  Disper. corr.   Coulomb (SR)
    4.75212e+04    3.40393e+05    7.52345e+04   -3.46877e+04   -2.51510e+06
   Coul. recip.      Potential    Kinetic En.   Total Energy  Conserved En.
    2.11273e+04   -1.87458e+06    3.64929e+05   -1.50965e+06   -1.51734e+06
    Temperature Pres. DC (bar) Pressure (bar)   Constr. rmsd
    3.09731e+02   -3.54583e+02    3.70844e+00    0.00000e+00

   Total Virial (kJ/mol)
    1.22767e+05    1.44038e+02    4.29597e+02
    1.44038e+02    1.22340e+05    8.46653e+01
    4.29597e+02    8.46653e+01    1.19277e+05

   Pressure (bar)
   -1.04416e+00   -4.19032e+00   -7.41876e+00
   -4.19032e+00    5.17165e+00   -2.23058e+00
   -7.41876e+00   -2.23058e+00    6.99782e+00

      T-Protein         T-DOPCT-Water_and_ions
    3.09454e+02    3.09648e+02    3.09821e+02


	M E G A - F L O P S   A C C O U N T I N G

 NB=Group-cutoff nonbonded kernels    NxN=N-by-N cluster Verlet kernels
 RF=Reaction-Field  VdW=Van der Waals  QSTab=quadratic-spline table
 W3=SPC/TIP3p  W4=TIP4p (single or pairs)
 V&F=Potential and force  V=Potential only  F=Force only

 Computing:                               M-Number         M-Flops  % Flops
-----------------------------------------------------------------------------
 Pair Search distance check           25370.411608      228333.704     0.8
 NxN QSTab Elec. + LJ [F]            329011.668576    13489478.412    45.6
 NxN QSTab Elec. + LJ [V&F]           36593.387432     2159009.858     7.3
 NxN LJ [F]                           16757.936640      553011.909     1.9
 NxN LJ [V&F]                          1863.871712       80146.484     0.3
 NxN QSTab Elec. [F]                 197461.996416     6713707.878    22.7
 NxN QSTab Elec. [V&F]                21962.172408      900449.069     3.0
 1,4 nonbonded interactions             810.081000       72907.290     0.2
 Calc Weights                          4250.735031      153026.461     0.5
 Spread Q Bspline                     90682.347328      181364.695     0.6
 Gather F Bspline                     90682.347328      544094.084     1.8
 3D-FFT                              475915.806822     3807326.455    12.9
 Solve PME                              737.353728       47190.639     0.2
 Reset In Box                            70.980177         212.941     0.0
 CG-CoM                                  71.121854         213.366     0.0
 Angles                                 683.558349      114837.803     0.4
 Propers                                858.675859      196636.772     0.7
 Impropers                               70.207020       14603.060     0.0
 RB-Dihedrals                            66.886688       16521.012     0.1
 Virial                                 161.998837        2915.979     0.0
 Stop-CM                                 14.451054         144.511     0.0
 Calc-Ekin                              283.637354        7658.209     0.0
 Lincs                                  984.027794       59041.668     0.2
 Lincs-Mat                            18420.912144       73683.649     0.2
 Constraint-V                          3122.425714       24979.406     0.1
 Constraint-Vir                         214.020521        5136.493     0.0
 Settle                                 384.894173      124320.818     0.4
-----------------------------------------------------------------------------
 Total                                                29570952.620   100.0
-----------------------------------------------------------------------------


    D O M A I N   D E C O M P O S I T I O N   S T A T I S T I C S

 av. #atoms communicated per step for force:  2 x 489108.3
 av. #atoms communicated per step for LINCS:  2 x 77834.5


               Core t (s)   Wall t (s)        (%)
       Time:   182805.020      374.786    48775.9
                 (ns/day)    (hour/ns)
Performance:        5.764        4.164
Finished mdrun on rank 0 Mon Sep 10 15:53:08 2018
